This file contains any messages produced by compilers while
running configure, to aid debugging if configure makes a mistake.

It was created by gparted configure 0.0.8, which was
generated by GNU Autoconf 2.59.  Invocation command line was

  $ /home/trunks/Desarrollo/Compilaciones/gparted-0.0.8+cvs2005061901/./configure --build=powerpc-linux-gnu --prefix=/usr --includedir=${prefix}/include --mandir=${prefix}/share/man --infodir=${prefix}/share/info --sysconfdir=/etc --localstatedir=/var --libexecdir=${prefix}/lib/gparted --srcdir=. --disable-maintainer-mode --disable-update-mimedb

## --------- ##
## Platform. ##
## --------- ##

hostname = Orthanc
uname -m = ppc
uname -r = 2.6.10-5-powerpc
uname -s = Linux
uname -v = #1 Tue Apr 5 12:44:32 UTC 2005

/usr/bin/uname -p = unknown
/bin/uname -X     = unknown

/bin/arch              = ppc
/usr/bin/arch -k       = unknown
/usr/convex/getsysinfo = unknown
hostinfo               = unknown
/bin/machine           = unknown
/usr/bin/oslevel       = unknown
/bin/universe          = unknown

PATH: /home/trunks/Desarrollo/Compilaciones/IBMJava2-ppc-142//bin
PATH: /home/trunks/bin
PATH: /usr/local/bin
PATH: /usr/local/sbin
PATH: /sbin
PATH: /usr/sbin
PATH: /bin
PATH: /usr/bin
PATH: /usr/bin/X11
PATH: /usr/games
PATH: .


## ----------- ##
## Core tests. ##
## ----------- ##

configure:1567: checking for a BSD-compatible install
configure:1622: result: /usr/bin/install -c
configure:1633: checking whether build environment is sane
configure:1676: result: yes
configure:1709: checking for gawk
configure:1725: found /usr/bin/gawk
configure:1735: result: gawk
configure:1745: checking whether make sets $(MAKE)
configure:1765: result: yes
configure:1932: checking whether to enable maintainer-specific portions of Makefiles
configure:1941: result: no
configure:2004: checking for gcc
configure:2030: result: cc
configure:2274: checking for C compiler version
configure:2277: cc --version </dev/null >&5
cc (GCC) 3.4.5 20050809 (prerelease) (Debian 3.4.4-6ubuntu4)
Copyright (C) 2004 Free Software Foundation, Inc.
This is free software; see the source for copying conditions.  There is NO
warranty; not even for MERCHANTABILITY or FITNESS FOR A PARTICULAR PURPOSE.

configure:2280: $? = 0
configure:2282: cc -v </dev/null >&5
Reading specs from /usr/lib/gcc/powerpc-linux-gnu/3.4.5/specs
Configured with: ../src/configure -v --enable-languages=c,c++,f77,pascal,objc,ada --prefix=/usr --libexecdir=/usr/lib --with-gxx-include-dir=/usr/include/c++/3.4 --enable-shared --with-system-zlib --enable-nls --without-included-gettext --program-suffix=-3.4 --enable-__cxa_atexit --enable-libstdcxx-allocator=mt --enable-clocale=gnu --enable-libstdcxx-debug --disable-softfloat --enable-targets=powerpc-linux,powerpc64-linux --with-cpu=default32 --disable-softfloat powerpc-linux-gnu
Thread model: posix
gcc version 3.4.5 20050809 (prerelease) (Debian 3.4.4-6ubuntu4)
configure:2285: $? = 0
configure:2287: cc -V </dev/null >&5
cc: `-V' option must have argument
configure:2290: $? = 1
configure:2313: checking for C compiler default output file name
configure:2316: cc -g -Wall -O2   conftest.c  >&5
configure:2319: $? = 0
configure:2365: result: a.out
configure:2370: checking whether the C compiler works
configure:2376: ./a.out
configure:2379: $? = 0
configure:2396: result: yes
configure:2403: checking whether we are cross compiling
configure:2405: result: no
configure:2408: checking for suffix of executables
configure:2410: cc -o conftest -g -Wall -O2   conftest.c  >&5
configure:2413: $? = 0
configure:2438: result: 
configure:2444: checking for suffix of object files
configure:2465: cc -c -g -Wall -O2  conftest.c >&5
configure:2468: $? = 0
configure:2490: result: o
configure:2494: checking whether we are using the GNU C compiler
configure:2518: cc -c -g -Wall -O2  conftest.c >&5
configure:2524: $? = 0
configure:2527: test -z 			 || test ! -s conftest.err
configure:2530: $? = 0
configure:2533: test -s conftest.o
configure:2536: $? = 0
configure:2549: result: yes
configure:2555: checking whether cc accepts -g
configure:2576: cc -c -g  conftest.c >&5
configure:2582: $? = 0
configure:2585: test -z 			 || test ! -s conftest.err
configure:2588: $? = 0
configure:2591: test -s conftest.o
configure:2594: $? = 0
configure:2605: result: yes
configure:2622: checking for cc option to accept ANSI C
configure:2692: cc  -c -g -Wall -O2  conftest.c >&5
configure:2698: $? = 0
configure:2701: test -z 			 || test ! -s conftest.err
configure:2704: $? = 0
configure:2707: test -s conftest.o
configure:2710: $? = 0
configure:2728: result: none needed
configure:2746: cc -c -g -Wall -O2  conftest.c >&5
conftest.c:2: error: parse error before "me"
configure:2752: $? = 1
configure: failed program was:
| #ifndef __cplusplus
|   choke me
| #endif
configure:2893: checking for style of include used by make
configure:2921: result: GNU
configure:2949: checking dependency style of cc
configure:3032: result: gcc3
configure:3143: checking for C++ compiler version
configure:3146: g++ --version </dev/null >&5
g++ (GCC) 4.0.2 20050808 (prerelease) (Debian 4.0.1-4ubuntu3)
Copyright (C) 2005 Free Software Foundation, Inc.
This is free software; see the source for copying conditions.  There is NO
warranty; not even for MERCHANTABILITY or FITNESS FOR A PARTICULAR PURPOSE.

configure:3149: $? = 0
configure:3151: g++ -v </dev/null >&5
Using built-in specs.
Target: powerpc-linux-gnu
Configured with: ../src/configure -v --enable-languages=c,c++,java,f95,objc,ada,treelang --prefix=/usr --enable-shared --with-system-zlib --libexecdir=/usr/lib --enable-nls --without-included-gettext --enable-threads=posix --program-suffix=-4.0 --enable-__cxa_atexit --enable-libstdcxx-allocator=mt --enable-clocale=gnu --enable-libstdcxx-debug --enable-java-gc=boehm --enable-java-awt=gtk-default --enable-gtk-cairo --with-java-home=/usr/lib/jvm/java-1.4.2-gcj-4.0-1.4.2.0/jre --enable-mpfr --disable-softfloat --enable-targets=powerpc-linux,powerpc64-linux --with-cpu=default32 --disable-werror --enable-checking=release powerpc-linux-gnu
Thread model: posix
gcc version 4.0.2 20050808 (prerelease) (Debian 4.0.1-4ubuntu3)
configure:3154: $? = 0
configure:3156: g++ -V </dev/null >&5
g++: '-V' option must have argument
configure:3159: $? = 1
configure:3162: checking whether we are using the GNU C++ compiler
configure:3186: g++ -c -g -Wall -O2  conftest.cc >&5
configure:3192: $? = 0
configure:3195: test -z 			 || test ! -s conftest.err
configure:3198: $? = 0
configure:3201: test -s conftest.o
configure:3204: $? = 0
configure:3217: result: yes
configure:3223: checking whether g++ accepts -g
configure:3244: g++ -c -g  conftest.cc >&5
configure:3250: $? = 0
configure:3253: test -z 			 || test ! -s conftest.err
configure:3256: $? = 0
configure:3259: test -s conftest.o
configure:3262: $? = 0
configure:3273: result: yes
configure:3315: g++ -c -g -Wall -O2  conftest.cc >&5
configure:3321: $? = 0
configure:3324: test -z 			 || test ! -s conftest.err
configure:3327: $? = 0
configure:3330: test -s conftest.o
configure:3333: $? = 0
configure:3359: g++ -c -g -Wall -O2  conftest.cc >&5
conftest.cc: In function 'int main()':
conftest.cc:15: error: 'exit' was not declared in this scope
configure:3365: $? = 1
configure: failed program was:
| /* confdefs.h.  */
| 
| #define PACKAGE_NAME "gparted"
| #define PACKAGE_TARNAME "gparted"
| #define PACKAGE_VERSION "0.0.8"
| #define PACKAGE_STRING "gparted 0.0.8"
| #define PACKAGE_BUGREPORT ""
| #define PACKAGE "gparted"
| #define VERSION "0.0.8"
| /* end confdefs.h.  */
| 
| int
| main ()
| {
| exit (42);
|   ;
|   return 0;
| }
configure:3315: g++ -c -g -Wall -O2  conftest.cc >&5
configure:3321: $? = 0
configure:3324: test -z 			 || test ! -s conftest.err
configure:3327: $? = 0
configure:3330: test -s conftest.o
configure:3333: $? = 0
configure:3359: g++ -c -g -Wall -O2  conftest.cc >&5
configure:3365: $? = 0
configure:3368: test -z 			 || test ! -s conftest.err
configure:3371: $? = 0
configure:3374: test -s conftest.o
configure:3377: $? = 0
configure:3402: checking dependency style of g++
configure:3485: result: gcc3
configure:3580: checking build system type
configure:3598: result: powerpc-unknown-linux-gnu
configure:3606: checking host system type
configure:3620: result: powerpc-unknown-linux-gnu
configure:3628: checking for a sed that does not truncate output
configure:3682: result: /bin/sed
configure:3685: checking for egrep
configure:3695: result: grep -E
configure:3711: checking for ld used by cc
configure:3778: result: /usr/bin/ld
configure:3787: checking if the linker (/usr/bin/ld) is GNU ld
configure:3802: result: yes
configure:3807: checking for /usr/bin/ld option to reload object files
configure:3814: result: -r
configure:3823: checking for BSD-compatible nm
configure:3865: result: /usr/bin/nm -B
configure:3869: checking whether ln -s works
configure:3873: result: yes
configure:3880: checking how to recognise dependent libraries
configure:4054: result: pass_all
configure:4139: cc -c -g -Wall -O2  conftest.c >&5
configure:4142: $? = 0
configure:4267: checking how to run the C preprocessor
configure:4302: cc -E  conftest.c
configure:4308: $? = 0
configure:4340: cc -E  conftest.c
conftest.c:14:28: ac_nonexistent.h: No such file or directory
configure:4346: $? = 1
configure: failed program was:
| /* confdefs.h.  */
| 
| #define PACKAGE_NAME "gparted"
| #define PACKAGE_TARNAME "gparted"
| #define PACKAGE_VERSION "0.0.8"
| #define PACKAGE_STRING "gparted 0.0.8"
| #define PACKAGE_BUGREPORT ""
| #define PACKAGE "gparted"
| #define VERSION "0.0.8"
| #ifdef __cplusplus
| extern "C" void std::exit (int) throw (); using std::exit;
| #endif
| /* end confdefs.h.  */
| #include <ac_nonexistent.h>
configure:4385: result: cc -E
configure:4409: cc -E  conftest.c
configure:4415: $? = 0
configure:4447: cc -E  conftest.c
conftest.c:14:28: ac_nonexistent.h: No such file or directory
configure:4453: $? = 1
configure: failed program was:
| /* confdefs.h.  */
| 
| #define PACKAGE_NAME "gparted"
| #define PACKAGE_TARNAME "gparted"
| #define PACKAGE_VERSION "0.0.8"
| #define PACKAGE_STRING "gparted 0.0.8"
| #define PACKAGE_BUGREPORT ""
| #define PACKAGE "gparted"
| #define VERSION "0.0.8"
| #ifdef __cplusplus
| extern "C" void std::exit (int) throw (); using std::exit;
| #endif
| /* end confdefs.h.  */
| #include <ac_nonexistent.h>
configure:4497: checking for ANSI C header files
configure:4522: cc -c -g -Wall -O2  conftest.c >&5
configure:4528: $? = 0
configure:4531: test -z 			 || test ! -s conftest.err
configure:4534: $? = 0
configure:4537: test -s conftest.o
configure:4540: $? = 0
configure:4629: cc -o conftest -g -Wall -O2   conftest.c  >&5
conftest.c: In function `main':
conftest.c:31: warning: implicit declaration of function `exit'
configure:4632: $? = 0
configure:4634: ./conftest
configure:4637: $? = 0
configure:4652: result: yes
configure:4676: checking for sys/types.h
configure:4692: cc -c -g -Wall -O2  conftest.c >&5
configure:4698: $? = 0
configure:4701: test -z 			 || test ! -s conftest.err
configure:4704: $? = 0
configure:4707: test -s conftest.o
configure:4710: $? = 0
configure:4721: result: yes
configure:4676: checking for sys/stat.h
configure:4692: cc -c -g -Wall -O2  conftest.c >&5
configure:4698: $? = 0
configure:4701: test -z 			 || test ! -s conftest.err
configure:4704: $? = 0
configure:4707: test -s conftest.o
configure:4710: $? = 0
configure:4721: result: yes
configure:4676: checking for stdlib.h
configure:4692: cc -c -g -Wall -O2  conftest.c >&5
configure:4698: $? = 0
configure:4701: test -z 			 || test ! -s conftest.err
configure:4704: $? = 0
configure:4707: test -s conftest.o
configure:4710: $? = 0
configure:4721: result: yes
configure:4676: checking for string.h
configure:4692: cc -c -g -Wall -O2  conftest.c >&5
configure:4698: $? = 0
configure:4701: test -z 			 || test ! -s conftest.err
configure:4704: $? = 0
configure:4707: test -s conftest.o
configure:4710: $? = 0
configure:4721: result: yes
configure:4676: checking for memory.h
configure:4692: cc -c -g -Wall -O2  conftest.c >&5
configure:4698: $? = 0
configure:4701: test -z 			 || test ! -s conftest.err
configure:4704: $? = 0
configure:4707: test -s conftest.o
configure:4710: $? = 0
configure:4721: result: yes
configure:4676: checking for strings.h
configure:4692: cc -c -g -Wall -O2  conftest.c >&5
configure:4698: $? = 0
configure:4701: test -z 			 || test ! -s conftest.err
configure:4704: $? = 0
configure:4707: test -s conftest.o
configure:4710: $? = 0
configure:4721: result: yes
configure:4676: checking for inttypes.h
configure:4692: cc -c -g -Wall -O2  conftest.c >&5
configure:4698: $? = 0
configure:4701: test -z 			 || test ! -s conftest.err
configure:4704: $? = 0
configure:4707: test -s conftest.o
configure:4710: $? = 0
configure:4721: result: yes
configure:4676: checking for stdint.h
configure:4692: cc -c -g -Wall -O2  conftest.c >&5
configure:4698: $? = 0
configure:4701: test -z 			 || test ! -s conftest.err
configure:4704: $? = 0
configure:4707: test -s conftest.o
configure:4710: $? = 0
configure:4721: result: yes
configure:4676: checking for unistd.h
configure:4692: cc -c -g -Wall -O2  conftest.c >&5
configure:4698: $? = 0
configure:4701: test -z 			 || test ! -s conftest.err
configure:4704: $? = 0
configure:4707: test -s conftest.o
configure:4710: $? = 0
configure:4721: result: yes
configure:4747: checking dlfcn.h usability
configure:4759: cc -c -g -Wall -O2  conftest.c >&5
configure:4765: $? = 0
configure:4768: test -z 			 || test ! -s conftest.err
configure:4771: $? = 0
configure:4774: test -s conftest.o
configure:4777: $? = 0
configure:4787: result: yes
configure:4791: checking dlfcn.h presence
configure:4801: cc -E  conftest.c
configure:4807: $? = 0
configure:4827: result: yes
configure:4862: checking for dlfcn.h
configure:4869: result: yes
configure:4887: checking how to run the C++ preprocessor
configure:4918: g++ -E  conftest.cc
configure:4924: $? = 0
configure:4956: g++ -E  conftest.cc
conftest.cc:25:28: error: ac_nonexistent.h: No such file or directory
configure:4962: $? = 1
configure: failed program was:
| /* confdefs.h.  */
| 
| #define PACKAGE_NAME "gparted"
| #define PACKAGE_TARNAME "gparted"
| #define PACKAGE_VERSION "0.0.8"
| #define PACKAGE_STRING "gparted 0.0.8"
| #define PACKAGE_BUGREPORT ""
| #define PACKAGE "gparted"
| #define VERSION "0.0.8"
| #ifdef __cplusplus
| extern "C" void std::exit (int) throw (); using std::exit;
| #endif
| #define STDC_HEADERS 1
| #define HAVE_SYS_TYPES_H 1
| #define HAVE_SYS_STAT_H 1
| #define HAVE_STDLIB_H 1
| #define HAVE_STRING_H 1
| #define HAVE_MEMORY_H 1
| #define HAVE_STRINGS_H 1
| #define HAVE_INTTYPES_H 1
| #define HAVE_STDINT_H 1
| #define HAVE_UNISTD_H 1
| #define HAVE_DLFCN_H 1
| /* end confdefs.h.  */
| #include <ac_nonexistent.h>
configure:5001: result: g++ -E
configure:5025: g++ -E  conftest.cc
configure:5031: $? = 0
configure:5063: g++ -E  conftest.cc
conftest.cc:25:28: error: ac_nonexistent.h: No such file or directory
configure:5069: $? = 1
configure: failed program was:
| /* confdefs.h.  */
| 
| #define PACKAGE_NAME "gparted"
| #define PACKAGE_TARNAME "gparted"
| #define PACKAGE_VERSION "0.0.8"
| #define PACKAGE_STRING "gparted 0.0.8"
| #define PACKAGE_BUGREPORT ""
| #define PACKAGE "gparted"
| #define VERSION "0.0.8"
| #ifdef __cplusplus
| extern "C" void std::exit (int) throw (); using std::exit;
| #endif
| #define STDC_HEADERS 1
| #define HAVE_SYS_TYPES_H 1
| #define HAVE_SYS_STAT_H 1
| #define HAVE_STDLIB_H 1
| #define HAVE_STRING_H 1
| #define HAVE_MEMORY_H 1
| #define HAVE_STRINGS_H 1
| #define HAVE_INTTYPES_H 1
| #define HAVE_STDINT_H 1
| #define HAVE_UNISTD_H 1
| #define HAVE_DLFCN_H 1
| /* end confdefs.h.  */
| #include <ac_nonexistent.h>
configure:5164: checking for g77
configure:5193: result: no
configure:5164: checking for f77
configure:5193: result: no
configure:5164: checking for xlf
configure:5193: result: no
configure:5164: checking for frt
configure:5193: result: no
configure:5164: checking for pgf77
configure:5193: result: no
configure:5164: checking for fort77
configure:5193: result: no
configure:5164: checking for fl32
configure:5193: result: no
configure:5164: checking for af77
configure:5193: result: no
configure:5164: checking for f90
configure:5193: result: no
configure:5164: checking for xlf90
configure:5193: result: no
configure:5164: checking for pgf90
configure:5193: result: no
configure:5164: checking for epcf90
configure:5193: result: no
configure:5164: checking for f95
configure:5193: result: no
configure:5164: checking for fort
configure:5193: result: no
configure:5164: checking for xlf95
configure:5193: result: no
configure:5164: checking for ifc
configure:5193: result: no
configure:5164: checking for efc
configure:5193: result: no
configure:5164: checking for pgf95
configure:5193: result: no
configure:5164: checking for lf95
configure:5193: result: no
configure:5164: checking for gfortran
configure:5193: result: no
configure:5205: checking for Fortran 77 compiler version
configure:5208:  --version </dev/null >&5
/home/trunks/Desarrollo/Compilaciones/gparted-0.0.8+cvs2005061901/./configure: line 5209: --version: command not found
configure:5211: $? = 127
configure:5213:  -v </dev/null >&5
/home/trunks/Desarrollo/Compilaciones/gparted-0.0.8+cvs2005061901/./configure: line 5214: -v: command not found
configure:5216: $? = 127
configure:5218:  -V </dev/null >&5
/home/trunks/Desarrollo/Compilaciones/gparted-0.0.8+cvs2005061901/./configure: line 5219: -V: command not found
configure:5221: $? = 127
configure:5229: checking whether we are using the GNU Fortran 77 compiler
configure:5243:  -c  conftest.F >&5
/home/trunks/Desarrollo/Compilaciones/gparted-0.0.8+cvs2005061901/./configure: line 5244: -c: command not found
configure:5249: $? = 127
configure: failed program was:
|       program main
| #ifndef __GNUC__
|        choke me
| #endif
| 
|       end
configure:5274: result: no
configure:5280: checking whether  accepts -g
configure:5292:  -c -g conftest.f >&5
/home/trunks/Desarrollo/Compilaciones/gparted-0.0.8+cvs2005061901/./configure: line 5293: -c: command not found
configure:5298: $? = 127
configure: failed program was:
|       program main
| 
|       end
configure:5322: result: no
configure:5352: checking the maximum length of command line arguments
configure:5417: result: 32768
configure:5428: checking command to parse /usr/bin/nm -B output from cc object
configure:5517: cc -c -g -Wall -O2  conftest.c >&5
configure:5520: $? = 0
configure:5524: /usr/bin/nm -B conftest.o \| sed -n -e 's/^.*[ 	]\([ABCDGIRSTW][ABCDGIRSTW]*\)[ 	][ 	]*\(\)\([_A-Za-z][_A-Za-z0-9]*\)$/\1 \2\3 \3/p' \> conftest.nm
configure:5527: $? = 0
configure:5579: cc -o conftest -g -Wall -O2   conftest.c conftstm.o >&5
configure:5582: $? = 0
configure:5620: result: ok
configure:5624: checking for objdir
configure:5639: result: .libs
configure:5729: checking for ar
configure:5745: found /usr/bin/ar
configure:5756: result: ar
configure:5809: checking for ranlib
configure:5825: found /usr/bin/ranlib
configure:5836: result: ranlib
configure:5889: checking for strip
configure:5905: found /usr/bin/strip
configure:5916: result: strip
configure:6178: checking if cc static flag  works
configure:6201: result: yes
configure:6219: checking if cc supports -fno-rtti -fno-exceptions
configure:6237: cc -c -g -Wall -O2  -fno-rtti -fno-exceptions conftest.c >&5
cc1: warning: command line option "-fno-rtti" is valid for C++/ObjC++ but not for C
configure:6241: $? = 0
configure:6252: result: no
configure:6267: checking for cc option to produce PIC
configure:6444: result: -fPIC
configure:6452: checking if cc PIC flag -fPIC works
configure:6470: cc -c -g -Wall -O2  -fPIC -DPIC conftest.c >&5
configure:6474: $? = 0
configure:6485: result: yes
configure:6509: checking if cc supports -c -o file.o
configure:6530: cc -c -g -Wall -O2  -o out/conftest2.o conftest.c >&5
configure:6534: $? = 0
configure:6554: result: yes
configure:6580: checking whether the cc linker (/usr/bin/ld) supports shared libraries
configure:7427: result: yes
configure:7453: checking whether -lc should be explicitly linked in
configure:7458: cc -c -g -Wall -O2  conftest.c >&5
configure:7461: $? = 0
configure:7475: cc -shared conftest.o  -v -Wl,-soname -Wl,conftest -o conftest 2\>\&1 \| grep  -lc  \>/dev/null 2\>\&1
configure:7478: $? = 0
configure:7490: result: no
configure:7498: checking dynamic linker characteristics
configure:8050: result: GNU/Linux ld.so
configure:8054: checking how to hardcode library paths into programs
configure:8079: result: immediate
configure:8093: checking whether stripping libraries is possible
configure:8098: result: yes
configure:8921: checking if libtool supports shared libraries
configure:8923: result: yes
configure:8926: checking whether to build shared libraries
configure:8984: result: yes
configure:8987: checking whether to build static libraries
configure:8991: result: yes
configure:9083: creating libtool
configure:9630: checking for ld used by g++
configure:9697: result: /usr/bin/ld
configure:9706: checking if the linker (/usr/bin/ld) is GNU ld
configure:9721: result: yes
configure:9772: checking whether the g++ linker (/usr/bin/ld) supports shared libraries
configure:10598: result: yes
configure:10616: g++ -c -g -Wall -O2  conftest.cc >&5
configure:10619: $? = 0
configure:10715: checking for g++ option to produce PIC
configure:10967: result: -fPIC
configure:10975: checking if g++ PIC flag -fPIC works
configure:10993: g++ -c -g -Wall -O2  -fPIC -DPIC conftest.cc >&5
configure:10997: $? = 0
configure:11008: result: yes
configure:11032: checking if g++ supports -c -o file.o
configure:11053: g++ -c -g -Wall -O2  -o out/conftest2.o conftest.cc >&5
configure:11057: $? = 0
configure:11077: result: yes
configure:11103: checking whether the g++ linker (/usr/bin/ld) supports shared libraries
configure:11131: result: yes
configure:11202: checking dynamic linker characteristics
configure:11754: result: GNU/Linux ld.so
configure:11758: checking how to hardcode library paths into programs
configure:11783: result: immediate
configure:11797: checking whether stripping libraries is possible
configure:11802: result: yes
configure:19071: checking locale.h usability
configure:19083: cc -c -g -Wall -O2  conftest.c >&5
configure:19089: $? = 0
configure:19092: test -z 			 || test ! -s conftest.err
configure:19095: $? = 0
configure:19098: test -s conftest.o
configure:19101: $? = 0
configure:19111: result: yes
configure:19115: checking locale.h presence
configure:19125: cc -E  conftest.c
configure:19131: $? = 0
configure:19151: result: yes
configure:19186: checking for locale.h
configure:19193: result: yes
configure:19207: checking for LC_MESSAGES
configure:19228: cc -o conftest -g -Wall -O2   conftest.c  >&5
configure:19234: $? = 0
configure:19237: test -z 			 || test ! -s conftest.err
configure:19240: $? = 0
configure:19243: test -s conftest
configure:19246: $? = 0
configure:19258: result: yes
configure:19287: checking libintl.h usability
configure:19299: cc -c -g -Wall -O2  conftest.c >&5
configure:19305: $? = 0
configure:19308: test -z 			 || test ! -s conftest.err
configure:19311: $? = 0
configure:19314: test -s conftest.o
configure:19317: $? = 0
configure:19327: result: yes
configure:19331: checking libintl.h presence
configure:19341: cc -E  conftest.c
configure:19347: $? = 0
configure:19367: result: yes
configure:19402: checking for libintl.h
configure:19409: result: yes
configure:19420: checking for ngettext in libc
configure:19443: cc -o conftest -g -Wall -O2   conftest.c  >&5
configure:19449: $? = 0
configure:19452: test -z 			 || test ! -s conftest.err
configure:19455: $? = 0
configure:19458: test -s conftest
configure:19461: $? = 0
configure:19474: result: yes
configure:19478: checking for dgettext in libc
configure:19501: cc -o conftest -g -Wall -O2   conftest.c  >&5
configure:19507: $? = 0
configure:19510: test -z 			 || test ! -s conftest.err
configure:19513: $? = 0
configure:19516: test -s conftest
configure:19519: $? = 0
configure:19532: result: yes
configure:19541: checking for bind_textdomain_codeset
configure:19598: cc -o conftest -g -Wall -O2   conftest.c  >&5
configure:19604: $? = 0
configure:19607: test -z 			 || test ! -s conftest.err
configure:19610: $? = 0
configure:19613: test -s conftest
configure:19616: $? = 0
configure:19628: result: yes
configure:20132: checking for msgfmt
configure:20159: result: /usr/bin/msgfmt
configure:20172: checking for dcgettext
configure:20229: cc -o conftest -g -Wall -O2   conftest.c   >&5
conftest.c:54: warning: conflicting types for built-in function 'dcgettext'
configure:20235: $? = 0
configure:20238: test -z 			 || test ! -s conftest.err
configure:20241: $? = 0
configure:20244: test -s conftest
configure:20247: $? = 0
configure:20259: result: yes
configure:20271: checking for gmsgfmt
configure:20302: result: /usr/bin/msgfmt
configure:20311: checking for xgettext
configure:20338: result: /usr/bin/xgettext
configure:20362: cc -o conftest -g -Wall -O2   conftest.c   >&5
configure:20368: $? = 0
configure:20371: test -z 			 || test ! -s conftest.err
configure:20374: $? = 0
configure:20377: test -s conftest
configure:20380: $? = 0
configure:20552: checking for catalogs to be installed
configure:20577: result:  bg ca cs de el en_CA en_GB es fr gl he hu it lt nl pa pt pt_BR ru rw sv uk zh_CN zh_TW
configure:20679: checking for perl
configure:20697: found /usr/bin/perl
configure:20709: result: /usr/bin/perl
configure:20727: checking for XML::Parser
configure:20730: result: ok
configure:20741: checking for iconv
configure:20759: found /usr/bin/iconv
configure:20772: result: /usr/bin/iconv
configure:20781: checking for msgfmt
configure:20799: found /usr/bin/msgfmt
configure:20812: result: /usr/bin/msgfmt
configure:20821: checking for msgmerge
configure:20839: found /usr/bin/msgmerge
configure:20852: result: /usr/bin/msgmerge
configure:20861: checking for xgettext
configure:20879: found /usr/bin/xgettext
configure:20892: result: /usr/bin/xgettext
configure:20943: checking for uuid_generate in -luuid
configure:20973: cc -o conftest -g -Wall -O2   conftest.c -luuid   >&5
configure:20979: $? = 0
configure:20982: test -z 			 || test ! -s conftest.err
configure:20985: $? = 0
configure:20988: test -s conftest
configure:20991: $? = 0
configure:21004: result: yes
configure:21020: checking for dlopen in -ldl
configure:21050: cc -o conftest -g -Wall -O2   conftest.c -ldl  -luuid  >&5
configure:21056: $? = 0
configure:21059: test -z 			 || test ! -s conftest.err
configure:21062: $? = 0
configure:21065: test -s conftest
configure:21068: $? = 0
configure:21081: result: yes
configure:21099: checking for parted
configure:21117: found /sbin/parted
configure:21129: result: /sbin/parted
configure:21191: checking for pkg-config
configure:21209: found /usr/bin/pkg-config
configure:21221: result: /usr/bin/pkg-config
configure:21236: checking pkg-config is at least version 0.9.0
configure:21239: result: yes
configure:21250: checking for GTKMM
configure:21255: $PKG_CONFIG --exists --print-errors "gtkmm-2.4 "
configure:21258: $? = 0
configure:21269: $PKG_CONFIG --exists --print-errors "gtkmm-2.4 "
configure:21272: $? = 0
configure:21464: creating ./config.status

## ---------------------- ##
## Running config.status. ##
## ---------------------- ##

This file was extended by gparted config.status 0.0.8, which was
generated by GNU Autoconf 2.59.  Invocation command line was

  CONFIG_FILES    = 
  CONFIG_HEADERS  = 
  CONFIG_LINKS    = 
  CONFIG_COMMANDS = 
  $ ./config.status 

on Orthanc

config.status:810: creating Makefile
config.status:810: creating include/Makefile
config.status:810: creating src/Makefile
config.status:810: creating po/Makefile.in
config.status:876: creating config.h
config.status:1182: executing depfiles commands
config.status:1182: executing default-1 commands
config.status:1182: executing intltool commands

## ---------------- ##
## Cache variables. ##
## ---------------- ##

ac_cv_build=powerpc-unknown-linux-gnu
ac_cv_build_alias=powerpc-linux-gnu
ac_cv_c_compiler_gnu=yes
ac_cv_cxx_compiler_gnu=yes
ac_cv_env_CC_set=set
ac_cv_env_CC_value=cc
ac_cv_env_CFLAGS_set=set
ac_cv_env_CFLAGS_value='-g -Wall -O2'
ac_cv_env_CPPFLAGS_set=
ac_cv_env_CPPFLAGS_value=
ac_cv_env_CPP_set=
ac_cv_env_CPP_value=
ac_cv_env_CXXCPP_set=
ac_cv_env_CXXCPP_value=
ac_cv_env_CXXFLAGS_set=set
ac_cv_env_CXXFLAGS_value='-g -Wall -O2'
ac_cv_env_CXX_set=set
ac_cv_env_CXX_value=g++
ac_cv_env_F77_set=
ac_cv_env_F77_value=
ac_cv_env_FFLAGS_set=
ac_cv_env_FFLAGS_value=
ac_cv_env_GTKMM_CFLAGS_set=
ac_cv_env_GTKMM_CFLAGS_value=
ac_cv_env_GTKMM_LIBS_set=
ac_cv_env_GTKMM_LIBS_value=
ac_cv_env_LDFLAGS_set=
ac_cv_env_LDFLAGS_value=
ac_cv_env_PKG_CONFIG_set=
ac_cv_env_PKG_CONFIG_value=
ac_cv_env_build_alias_set=set
ac_cv_env_build_alias_value=powerpc-linux-gnu
ac_cv_env_host_alias_set=
ac_cv_env_host_alias_value=
ac_cv_env_target_alias_set=
ac_cv_env_target_alias_value=
ac_cv_exeext=
ac_cv_f77_compiler_gnu=no
ac_cv_func_bind_textdomain_codeset=yes
ac_cv_func_dcgettext=yes
ac_cv_header_dlfcn_h=yes
ac_cv_header_inttypes_h=yes
ac_cv_header_libintl_h=yes
ac_cv_header_locale_h=yes
ac_cv_header_memory_h=yes
ac_cv_header_stdc=yes
ac_cv_header_stdint_h=yes
ac_cv_header_stdlib_h=yes
ac_cv_header_string_h=yes
ac_cv_header_strings_h=yes
ac_cv_header_sys_stat_h=yes
ac_cv_header_sys_types_h=yes
ac_cv_header_unistd_h=yes
ac_cv_host=powerpc-unknown-linux-gnu
ac_cv_host_alias=powerpc-linux-gnu
ac_cv_lib_dl_dlopen=yes
ac_cv_lib_uuid_uuid_generate=yes
ac_cv_objext=o
ac_cv_path_GMSGFMT=/usr/bin/msgfmt
ac_cv_path_INTLTOOL_ICONV=/usr/bin/iconv
ac_cv_path_INTLTOOL_MSGFMT=/usr/bin/msgfmt
ac_cv_path_INTLTOOL_MSGMERGE=/usr/bin/msgmerge
ac_cv_path_INTLTOOL_PERL=/usr/bin/perl
ac_cv_path_INTLTOOL_XGETTEXT=/usr/bin/xgettext
ac_cv_path_MSGFMT=/usr/bin/msgfmt
ac_cv_path_PARTED_PATH=/sbin/parted
ac_cv_path_XGETTEXT=/usr/bin/xgettext
ac_cv_path_ac_pt_PKG_CONFIG=/usr/bin/pkg-config
ac_cv_path_install='/usr/bin/install -c'
ac_cv_prog_AWK=gawk
ac_cv_prog_CPP='cc -E'
ac_cv_prog_CXXCPP='g++ -E'
ac_cv_prog_ac_ct_AR=ar
ac_cv_prog_ac_ct_CC=cc
ac_cv_prog_ac_ct_RANLIB=ranlib
ac_cv_prog_ac_ct_STRIP=strip
ac_cv_prog_cc_g=yes
ac_cv_prog_cc_stdc=
ac_cv_prog_cxx_g=yes
ac_cv_prog_egrep='grep -E'
ac_cv_prog_f77_g=no
ac_cv_prog_make_make_set=yes
am_cv_CC_dependencies_compiler_type=gcc3
am_cv_CXX_dependencies_compiler_type=gcc3
am_cv_val_LC_MESSAGES=yes
gt_cv_func_dgettext_libc=yes
gt_cv_func_dgettext_libintl=no
gt_cv_func_ngettext_libc=yes
gt_cv_have_gettext=yes
lt_cv_deplibs_check_method=pass_all
lt_cv_file_magic_cmd='$MAGIC_CMD'
lt_cv_file_magic_test_file=
lt_cv_ld_reload_flag=-r
lt_cv_objdir=.libs
lt_cv_path_LD=/usr/bin/ld
lt_cv_path_LDCXX=/usr/bin/ld
lt_cv_path_NM='/usr/bin/nm -B'
lt_cv_path_SED=/bin/sed
lt_cv_prog_compiler_c_o=yes
lt_cv_prog_compiler_c_o_CXX=yes
lt_cv_prog_compiler_rtti_exceptions=no
lt_cv_prog_gnu_ld=yes
lt_cv_prog_gnu_ldcxx=yes
lt_cv_sys_global_symbol_pipe='sed -n -e '\''s/^.*[ 	]\([ABCDGIRSTW][ABCDGIRSTW]*\)[ 	][ 	]*\(\)\([_A-Za-z][_A-Za-z0-9]*\)$/\1 \2\3 \3/p'\'''
lt_cv_sys_global_symbol_to_c_name_address='sed -n -e '\''s/^: \([^ ]*\) $/  {\"\1\", (lt_ptr) 0},/p'\'' -e '\''s/^[BCDEGRST] \([^ ]*\) \([^ ]*\)$/  {"\2", (lt_ptr) \&\2},/p'\'''
lt_cv_sys_global_symbol_to_cdecl='sed -n -e '\''s/^. .* \(.*\)$/extern int \1;/p'\'''
lt_cv_sys_max_cmd_len=32768
lt_lt_cv_prog_compiler_c_o='"yes"'
lt_lt_cv_prog_compiler_c_o_CXX='"yes"'
lt_lt_cv_sys_global_symbol_pipe='"sed -n -e '\''s/^.*[ 	]\\([ABCDGIRSTW][ABCDGIRSTW]*\\)[ 	][ 	]*\\(\\)\\([_A-Za-z][_A-Za-z0-9]*\\)\$/\\1 \\2\\3 \\3/p'\''"'
lt_lt_cv_sys_global_symbol_to_c_name_address='"sed -n -e '\''s/^: \\([^ ]*\\) \$/  {\\\"\\1\\\", (lt_ptr) 0},/p'\'' -e '\''s/^[BCDEGRST] \\([^ ]*\\) \\([^ ]*\\)\$/  {\"\\2\", (lt_ptr) \\&\\2},/p'\''"'
lt_lt_cv_sys_global_symbol_to_cdecl='"sed -n -e '\''s/^. .* \\(.*\\)\$/extern int \\1;/p'\''"'
pkg_cv_GTKMM_CFLAGS='-I/usr/include/gtkmm-2.4 -I/usr/lib/gtkmm-2.4/include -I/usr/include/glibmm-2.4 -I/usr/lib/glibmm-2.4/include -I/usr/include/gdkmm-2.4 -I/usr/lib/gdkmm-2.4/include -I/usr/include/pangomm-1.4 -I/usr/include/atkmm-1.6 -I/usr/include/gtk-2.0 -I/usr/include/sigc++-2.0 -I/usr/lib/sigc++-2.0/include -I/usr/include/glib-2.0 -I/usr/lib/glib-2.0/include -I/usr/lib/gtk-2.0/include -I/usr/include/pango-1.0 -I/usr/include/freetype2 -I/usr/include/cairo -I/usr/include/atk-1.0  '
pkg_cv_GTKMM_LIBS='-lgtkmm-2.4 -lgdkmm-2.4 -latkmm-1.6 -lgtk-x11-2.0 -lpangomm-1.4 -lglibmm-2.4 -lsigc-2.0 -lgdk-x11-2.0 -latk-1.0 -lgdk_pixbuf-2.0 -lm -lpangocairo-1.0 -lXinerama -lXi -lXrandr -lXext -lXcursor -lXfixes -lpango-1.0 -lcairo -lXrender -lX11 -lgobject-2.0 -lgmodule-2.0 -ldl -lglib-2.0  '

## ----------------- ##
## Output variables. ##
## ----------------- ##

ACLOCAL='${SHELL} /home/trunks/devel/Compilaciones/gparted-0.0.8+cvs2005061901/missing --run aclocal-1.7'
AMDEPBACKSLASH='\'
AMDEP_FALSE='#'
AMDEP_TRUE=''
AMTAR='${SHELL} /home/trunks/devel/Compilaciones/gparted-0.0.8+cvs2005061901/missing --run tar'
AR='ar'
AUTOCONF='${SHELL} /home/trunks/devel/Compilaciones/gparted-0.0.8+cvs2005061901/missing --run autoconf'
AUTOHEADER='${SHELL} /home/trunks/devel/Compilaciones/gparted-0.0.8+cvs2005061901/missing --run autoheader'
AUTOMAKE='${SHELL} /home/trunks/devel/Compilaciones/gparted-0.0.8+cvs2005061901/missing --run automake-1.7'
AWK='gawk'
CATALOGS=' bg.gmo ca.gmo cs.gmo de.gmo el.gmo en_CA.gmo en_GB.gmo es.gmo fr.gmo gl.gmo he.gmo hu.gmo it.gmo lt.gmo nl.gmo pa.gmo pt.gmo pt_BR.gmo ru.gmo rw.gmo sv.gmo uk.gmo zh_CN.gmo zh_TW.gmo'
CATOBJEXT='.gmo'
CC='cc'
CCDEPMODE='depmode=gcc3'
CFLAGS='-g -Wall -O2'
CPP='cc -E'
CPPFLAGS=''
CXX='g++'
CXXCPP='g++ -E'
CXXDEPMODE='depmode=gcc3'
CXXFLAGS='-g -Wall -O2'
CYGPATH_W='echo'
DATADIRNAME='share'
DEFS='-DHAVE_CONFIG_H'
DEPDIR='.deps'
ECHO='echo'
ECHO_C=''
ECHO_N='-n'
ECHO_T=''
EGREP='grep -E'
EXEEXT=''
F77=''
FFLAGS=''
GETTEXT_PACKAGE='gparted'
GMOFILES=' bg.gmo ca.gmo cs.gmo de.gmo el.gmo en_CA.gmo en_GB.gmo es.gmo fr.gmo gl.gmo he.gmo hu.gmo it.gmo lt.gmo nl.gmo pa.gmo pt.gmo pt_BR.gmo ru.gmo rw.gmo sv.gmo uk.gmo zh_CN.gmo zh_TW.gmo'
GMSGFMT='/usr/bin/msgfmt'
GTKMM_CFLAGS='-I/usr/include/gtkmm-2.4 -I/usr/lib/gtkmm-2.4/include -I/usr/include/glibmm-2.4 -I/usr/lib/glibmm-2.4/include -I/usr/include/gdkmm-2.4 -I/usr/lib/gdkmm-2.4/include -I/usr/include/pangomm-1.4 -I/usr/include/atkmm-1.6 -I/usr/include/gtk-2.0 -I/usr/include/sigc++-2.0 -I/usr/lib/sigc++-2.0/include -I/usr/include/glib-2.0 -I/usr/lib/glib-2.0/include -I/usr/lib/gtk-2.0/include -I/usr/include/pango-1.0 -I/usr/include/freetype2 -I/usr/include/cairo -I/usr/include/atk-1.0  '
GTKMM_LIBS='-lgtkmm-2.4 -lgdkmm-2.4 -latkmm-1.6 -lgtk-x11-2.0 -lpangomm-1.4 -lglibmm-2.4 -lsigc-2.0 -lgdk-x11-2.0 -latk-1.0 -lgdk_pixbuf-2.0 -lm -lpangocairo-1.0 -lXinerama -lXi -lXrandr -lXext -lXcursor -lXfixes -lpango-1.0 -lcairo -lXrender -lX11 -lgobject-2.0 -lgmodule-2.0 -ldl -lglib-2.0  '
INSTALL_DATA='${INSTALL} -m 644'
INSTALL_PROGRAM='${INSTALL}'
INSTALL_SCRIPT='${INSTALL}'
INSTALL_STRIP_PROGRAM='${SHELL} $(install_sh) -c -s'
INSTOBJEXT='.mo'
INTLLIBS=''
INTLTOOL_CAVES_RULE='%.caves:     %.caves.in     $(INTLTOOL_MERGE) $(wildcard $(top_srcdir)/po/*.po) ; LC_ALL=C $(INTLTOOL_MERGE) -d -u -c $(top_builddir)/po/.intltool-merge-cache $(top_srcdir)/po $< $@'
INTLTOOL_DESKTOP_RULE='%.desktop:   %.desktop.in   $(INTLTOOL_MERGE) $(wildcard $(top_srcdir)/po/*.po) ; LC_ALL=C $(INTLTOOL_MERGE) -d -u -c $(top_builddir)/po/.intltool-merge-cache $(top_srcdir)/po $< $@'
INTLTOOL_DIRECTORY_RULE='%.directory: %.directory.in $(INTLTOOL_MERGE) $(wildcard $(top_srcdir)/po/*.po) ; LC_ALL=C $(INTLTOOL_MERGE) -d -u -c $(top_builddir)/po/.intltool-merge-cache $(top_srcdir)/po $< $@'
INTLTOOL_EXTRACT='$(top_builddir)/intltool-extract'
INTLTOOL_ICONV='/usr/bin/iconv'
INTLTOOL_KBD_RULE='%.kbd:       %.kbd.in       $(INTLTOOL_MERGE) $(wildcard $(top_srcdir)/po/*.po) ; LC_ALL=C $(INTLTOOL_MERGE) -x -u -m -c $(top_builddir)/po/.intltool-merge-cache $(top_srcdir)/po $< $@'
INTLTOOL_KEYS_RULE='%.keys:      %.keys.in      $(INTLTOOL_MERGE) $(wildcard $(top_srcdir)/po/*.po) ; LC_ALL=C $(INTLTOOL_MERGE) -k -u -c $(top_builddir)/po/.intltool-merge-cache $(top_srcdir)/po $< $@'
INTLTOOL_MERGE='$(top_builddir)/intltool-merge'
INTLTOOL_MSGFMT='/usr/bin/msgfmt'
INTLTOOL_MSGMERGE='/usr/bin/msgmerge'
INTLTOOL_OAF_RULE='%.oaf:       %.oaf.in       $(INTLTOOL_MERGE) $(wildcard $(top_srcdir)/po/*.po) ; LC_ALL=C $(INTLTOOL_MERGE) -o -p $(top_srcdir)/po $< $@'
INTLTOOL_PERL='/usr/bin/perl'
INTLTOOL_PONG_RULE='%.pong:      %.pong.in      $(INTLTOOL_MERGE) $(wildcard $(top_srcdir)/po/*.po) ; LC_ALL=C $(INTLTOOL_MERGE) -x -u -c $(top_builddir)/po/.intltool-merge-cache $(top_srcdir)/po $< $@'
INTLTOOL_PROP_RULE='%.prop:      %.prop.in      $(INTLTOOL_MERGE) $(wildcard $(top_srcdir)/po/*.po) ; LC_ALL=C $(INTLTOOL_MERGE) -d -u -c $(top_builddir)/po/.intltool-merge-cache $(top_srcdir)/po $< $@'
INTLTOOL_SCHEMAS_RULE='%.schemas:   %.schemas.in   $(INTLTOOL_MERGE) $(wildcard $(top_srcdir)/po/*.po) ; LC_ALL=C $(INTLTOOL_MERGE) -s -u -c $(top_builddir)/po/.intltool-merge-cache $(top_srcdir)/po $< $@'
INTLTOOL_SERVER_RULE='%.server:    %.server.in    $(INTLTOOL_MERGE) $(wildcard $(top_srcdir)/po/*.po) ; LC_ALL=C $(INTLTOOL_MERGE) -o -u -c $(top_builddir)/po/.intltool-merge-cache $(top_srcdir)/po $< $@'
INTLTOOL_SHEET_RULE='%.sheet:     %.sheet.in     $(INTLTOOL_MERGE) $(wildcard $(top_srcdir)/po/*.po) ; LC_ALL=C $(INTLTOOL_MERGE) -x -u -c $(top_builddir)/po/.intltool-merge-cache $(top_srcdir)/po $< $@'
INTLTOOL_SOUNDLIST_RULE='%.soundlist: %.soundlist.in $(INTLTOOL_MERGE) $(wildcard $(top_srcdir)/po/*.po) ; LC_ALL=C $(INTLTOOL_MERGE) -d -u -c $(top_builddir)/po/.intltool-merge-cache $(top_srcdir)/po $< $@'
INTLTOOL_THEME_RULE='%.theme:     %.theme.in     $(INTLTOOL_MERGE) $(wildcard $(top_srcdir)/po/*.po) ; LC_ALL=C $(INTLTOOL_MERGE) -d -u -c $(top_builddir)/po/.intltool-merge-cache $(top_srcdir)/po $< $@'
INTLTOOL_UI_RULE='%.ui:        %.ui.in        $(INTLTOOL_MERGE) $(wildcard $(top_srcdir)/po/*.po) ; LC_ALL=C $(INTLTOOL_MERGE) -x -u -c $(top_builddir)/po/.intltool-merge-cache $(top_srcdir)/po $< $@'
INTLTOOL_UPDATE='$(top_builddir)/intltool-update'
INTLTOOL_XAM_RULE='%.xam:       %.xml.in       $(INTLTOOL_MERGE) $(wildcard $(top_srcdir)/po/*.po) ; LC_ALL=C $(INTLTOOL_MERGE) -x -u -c $(top_builddir)/po/.intltool-merge-cache $(top_srcdir)/po $< $@'
INTLTOOL_XGETTEXT='/usr/bin/xgettext'
INTLTOOL_XML_NOMERGE_RULE='%.xml:       %.xml.in       $(INTLTOOL_MERGE) ; LC_ALL=C $(INTLTOOL_MERGE) -x -u /tmp $< $@'
INTLTOOL_XML_RULE='%.xml:       %.xml.in       $(INTLTOOL_MERGE) $(wildcard $(top_srcdir)/po/*.po) ; LC_ALL=C $(INTLTOOL_MERGE) -x -u -c $(top_builddir)/po/.intltool-merge-cache $(top_srcdir)/po $< $@'
LDFLAGS=''
LIBOBJS=''
LIBS='-ldl -luuid '
LIBTOOL='$(SHELL) $(top_builddir)/libtool'
LN_S='ln -s'
LTLIBOBJS=''
MAINT='#'
MAINTAINER_MODE_FALSE=''
MAINTAINER_MODE_TRUE='#'
MAKEINFO='${SHELL} /home/trunks/devel/Compilaciones/gparted-0.0.8+cvs2005061901/missing --run makeinfo'
MKINSTALLDIRS='./mkinstalldirs'
MSGFMT='/usr/bin/msgfmt'
OBJEXT='o'
PACKAGE='gparted'
PACKAGE_BUGREPORT=''
PACKAGE_NAME='gparted'
PACKAGE_STRING='gparted 0.0.8'
PACKAGE_TARNAME='gparted'
PACKAGE_VERSION='0.0.8'
PARTED_PATH='/sbin/parted'
PATH_SEPARATOR=':'
PKG_CONFIG='/usr/bin/pkg-config'
POFILES=' bg.po ca.po cs.po de.po el.po en_CA.po en_GB.po es.po fr.po gl.po he.po hu.po it.po lt.po nl.po pa.po pt.po pt_BR.po ru.po rw.po sv.po uk.po zh_CN.po zh_TW.po'
POSUB='po'
PO_IN_DATADIR_FALSE=''
PO_IN_DATADIR_TRUE=''
RANLIB='ranlib'
SET_MAKE=''
SHELL='/bin/sh'
STRIP='strip'
USE_NLS='yes'
VERSION='0.0.8'
XGETTEXT='/usr/bin/xgettext'
ac_ct_AR='ar'
ac_ct_CC='cc'
ac_ct_CXX=''
ac_ct_F77=''
ac_ct_RANLIB='ranlib'
ac_ct_STRIP='strip'
ac_pt_PKG_CONFIG='/usr/bin/pkg-config'
am__fastdepCC_FALSE='#'
am__fastdepCC_TRUE=''
am__fastdepCXX_FALSE='#'
am__fastdepCXX_TRUE=''
am__include='include'
am__leading_dot='.'
am__quote=''
bindir='${exec_prefix}/bin'
build='powerpc-unknown-linux-gnu'
build_alias='powerpc-linux-gnu'
build_cpu='powerpc'
build_os='linux-gnu'
build_vendor='unknown'
datadir='${prefix}/share'
exec_prefix='${prefix}'
host='powerpc-unknown-linux-gnu'
host_alias=''
host_cpu='powerpc'
host_os='linux-gnu'
host_vendor='unknown'
includedir='${prefix}/include'
infodir='${prefix}/share/info'
install_sh='/home/trunks/devel/Compilaciones/gparted-0.0.8+cvs2005061901/install-sh'
libdir='${exec_prefix}/lib'
libexecdir='${prefix}/lib/gparted'
localstatedir='/var'
mandir='${prefix}/share/man'
mkdir_p='mkdir -p -- .'
oldincludedir='/usr/include'
prefix='/usr'
program_transform_name='s,x,x,'
sbindir='${exec_prefix}/sbin'
sharedstatedir='${prefix}/com'
sysconfdir='/etc'
target_alias=''

## ----------- ##
## confdefs.h. ##
## ----------- ##

#define ENABLE_NLS 1
#define GETTEXT_PACKAGE "gparted"
#define HAVE_BIND_TEXTDOMAIN_CODESET 1
#define HAVE_DCGETTEXT 1
#define HAVE_DLFCN_H 1
#define HAVE_GETTEXT 1
#define HAVE_INTTYPES_H 1
#define HAVE_LC_MESSAGES 1
#define HAVE_LIBDL 1
#define HAVE_LIBUUID 1
#define HAVE_LOCALE_H 1
#define HAVE_MEMORY_H 1
#define HAVE_STDINT_H 1
#define HAVE_STDLIB_H 1
#define HAVE_STRINGS_H 1
#define HAVE_STRING_H 1
#define HAVE_SYS_STAT_H 1
#define HAVE_SYS_TYPES_H 1
#define HAVE_UNISTD_H 1
#define PACKAGE "gparted"
#define PACKAGE_BUGREPORT ""
#define PACKAGE_NAME "gparted"
#define PACKAGE_STRING "gparted 0.0.8"
#define PACKAGE_TARNAME "gparted"
#define PACKAGE_VERSION "0.0.8"
#define STDC_HEADERS 1
#define VERSION "0.0.8"
#endif
#ifdef __cplusplus
extern "C" void std::exit (int) throw (); using std::exit;

configure: exit 0
