This file contains any messages produced by compilers while
running configure, to aid debugging if configure makes a mistake.

It was created by uda-postinstall configure 0.21, which was
generated by GNU Autoconf 2.59.  Invocation command line was

  $ /home/carlospc/guadalinex2005/no_live_installer/default/src/uda-postinstall/uda-postinstall-0.21/./configure --build=i386-linux --prefix=/usr --includedir=${prefix}/include --mandir=${prefix}/share/man --infodir=${prefix}/share/info --sysconfdir=/etc --localstatedir=/var --libexecdir=${prefix}/lib/uda-postinstall --srcdir=. --disable-maintainer-mode

## --------- ##
## Platform. ##
## --------- ##

hostname = ws-carlospc
uname -m = i686
uname -r = 2.6.10-5-386
uname -s = Linux
uname -v = #1 Thu Sep 8 06:18:41 UTC 2005

/usr/bin/uname -p = unknown
/bin/uname -X     = unknown

/bin/arch              = i686
/usr/bin/arch -k       = unknown
/usr/convex/getsysinfo = unknown
hostinfo               = unknown
/bin/machine           = unknown
/usr/bin/oslevel       = unknown
/bin/universe          = unknown

PATH: /usr/sbin
PATH: /usr/bin
PATH: /sbin
PATH: /bin
PATH: /usr/bin/X11


## ----------- ##
## Core tests. ##
## ----------- ##

configure:1576: checking for a BSD-compatible install
configure:1631: result: /usr/bin/install -c
configure:1642: checking whether build environment is sane
configure:1685: result: yes
configure:1700: checking whether make sets $(MAKE)
configure:1720: result: yes
configure:1752: checking for working aclocal-1.4
configure:1759: result: found
configure:1767: checking for working autoconf
configure:1774: result: found
configure:1782: checking for working automake-1.4
configure:1789: result: found
configure:1797: checking for working autoheader
configure:1804: result: found
configure:1812: checking for working makeinfo
configure:1819: result: found
configure:1829: checking whether to enable maintainer-specific portions of Makefiles
configure:1838: result: no
configure:1924: checking for gcc
configure:1950: result: cc
configure:2194: checking for C compiler version
configure:2197: cc --version </dev/null >&5
cc (GCC) 3.3.5 (Debian 1:3.3.5-8ubuntu2)
Copyright (C) 2003 Free Software Foundation, Inc.
This is free software; see the source for copying conditions.  There is NO
warranty; not even for MERCHANTABILITY or FITNESS FOR A PARTICULAR PURPOSE.

configure:2200: $? = 0
configure:2202: cc -v </dev/null >&5
Reading specs from /usr/lib/gcc-lib/i486-linux/3.3.5/specs
Configured with: ../src/configure -v --enable-languages=c,c++,java,f77,pascal,objc,ada,treelang --prefix=/usr --mandir=/usr/share/man --infodir=/usr/share/info --with-gxx-include-dir=/usr/include/c++/3.3 --enable-shared --with-system-zlib --enable-nls --without-included-gettext --enable-__cxa_atexit --enable-clocale=gnu --enable-debug --enable-java-gc=boehm --enable-java-awt=xlib --enable-objc-gc i486-linux
Thread model: posix
gcc version 3.3.5 (Debian 1:3.3.5-8ubuntu2)
configure:2205: $? = 0
configure:2207: cc -V </dev/null >&5
cc: `-V' option must have argument
configure:2210: $? = 1
configure:2233: checking for C compiler default output file name
configure:2236: cc -g -Wall -O2   conftest.c  >&5
configure:2239: $? = 0
configure:2285: result: a.out
configure:2290: checking whether the C compiler works
configure:2296: ./a.out
configure:2299: $? = 0
configure:2316: result: yes
configure:2323: checking whether we are cross compiling
configure:2325: result: no
configure:2328: checking for suffix of executables
configure:2330: cc -o conftest -g -Wall -O2   conftest.c  >&5
configure:2333: $? = 0
configure:2358: result: 
configure:2364: checking for suffix of object files
configure:2385: cc -c -g -Wall -O2  conftest.c >&5
configure:2388: $? = 0
configure:2410: result: o
configure:2414: checking whether we are using the GNU C compiler
configure:2438: cc -c -g -Wall -O2  conftest.c >&5
configure:2444: $? = 0
configure:2447: test -z 			 || test ! -s conftest.err
configure:2450: $? = 0
configure:2453: test -s conftest.o
configure:2456: $? = 0
configure:2469: result: yes
configure:2475: checking whether cc accepts -g
configure:2496: cc -c -g  conftest.c >&5
configure:2502: $? = 0
configure:2505: test -z 			 || test ! -s conftest.err
configure:2508: $? = 0
configure:2511: test -s conftest.o
configure:2514: $? = 0
configure:2525: result: yes
configure:2542: checking for cc option to accept ANSI C
configure:2612: cc  -c -g -Wall -O2  conftest.c >&5
configure:2618: $? = 0
configure:2621: test -z 			 || test ! -s conftest.err
configure:2624: $? = 0
configure:2627: test -s conftest.o
configure:2630: $? = 0
configure:2648: result: none needed
configure:2666: cc -c -g -Wall -O2  conftest.c >&5
conftest.c:2: error: syntax error before "me"
configure:2672: $? = 1
configure: failed program was:
| #ifndef __cplusplus
|   choke me
| #endif
configure:2856: checking build system type
configure:2874: result: i386-pc-linux-gnu
configure:2882: checking host system type
configure:2896: result: i386-pc-linux-gnu
configure:2904: checking for a sed that does not truncate output
configure:2958: result: /bin/sed
configure:2961: checking for egrep
configure:2971: result: grep -E
configure:2987: checking for ld used by cc
configure:3054: result: /usr/bin/ld
configure:3063: checking if the linker (/usr/bin/ld) is GNU ld
configure:3078: result: yes
configure:3083: checking for /usr/bin/ld option to reload object files
configure:3090: result: -r
configure:3108: checking for BSD-compatible nm
configure:3150: result: /usr/bin/nm -B
configure:3154: checking whether ln -s works
configure:3158: result: yes
configure:3165: checking how to recognise dependent libraries
configure:3337: result: pass_all
configure:3550: checking how to run the C preprocessor
configure:3585: cc -E  conftest.c
configure:3591: $? = 0
configure:3623: cc -E  conftest.c
conftest.c:11:28: ac_nonexistent.h: No such file or directory
configure:3629: $? = 1
configure: failed program was:
| /* confdefs.h.  */
| 
| #define PACKAGE_NAME "uda-postinstall"
| #define PACKAGE_TARNAME "uda-postinstall"
| #define PACKAGE_VERSION "0.21"
| #define PACKAGE_STRING "uda-postinstall 0.21"
| #define PACKAGE_BUGREPORT "http://www.molinux.info"
| #define PACKAGE "uda-postinstall"
| #define VERSION "0.21"
| /* end confdefs.h.  */
| #include <ac_nonexistent.h>
configure:3668: result: cc -E
configure:3692: cc -E  conftest.c
configure:3698: $? = 0
configure:3730: cc -E  conftest.c
conftest.c:11:28: ac_nonexistent.h: No such file or directory
configure:3736: $? = 1
configure: failed program was:
| /* confdefs.h.  */
| 
| #define PACKAGE_NAME "uda-postinstall"
| #define PACKAGE_TARNAME "uda-postinstall"
| #define PACKAGE_VERSION "0.21"
| #define PACKAGE_STRING "uda-postinstall 0.21"
| #define PACKAGE_BUGREPORT "http://www.molinux.info"
| #define PACKAGE "uda-postinstall"
| #define VERSION "0.21"
| /* end confdefs.h.  */
| #include <ac_nonexistent.h>
configure:3780: checking for ANSI C header files
configure:3805: cc -c -g -Wall -O2  conftest.c >&5
configure:3811: $? = 0
configure:3814: test -z 			 || test ! -s conftest.err
configure:3817: $? = 0
configure:3820: test -s conftest.o
configure:3823: $? = 0
configure:3912: cc -o conftest -g -Wall -O2   conftest.c  >&5
conftest.c: In function `main':
conftest.c:28: warning: implicit declaration of function `exit'
configure:3915: $? = 0
configure:3917: ./conftest
configure:3920: $? = 0
configure:3935: result: yes
configure:3959: checking for sys/types.h
configure:3975: cc -c -g -Wall -O2  conftest.c >&5
configure:3981: $? = 0
configure:3984: test -z 			 || test ! -s conftest.err
configure:3987: $? = 0
configure:3990: test -s conftest.o
configure:3993: $? = 0
configure:4004: result: yes
configure:3959: checking for sys/stat.h
configure:3975: cc -c -g -Wall -O2  conftest.c >&5
configure:3981: $? = 0
configure:3984: test -z 			 || test ! -s conftest.err
configure:3987: $? = 0
configure:3990: test -s conftest.o
configure:3993: $? = 0
configure:4004: result: yes
configure:3959: checking for stdlib.h
configure:3975: cc -c -g -Wall -O2  conftest.c >&5
configure:3981: $? = 0
configure:3984: test -z 			 || test ! -s conftest.err
configure:3987: $? = 0
configure:3990: test -s conftest.o
configure:3993: $? = 0
configure:4004: result: yes
configure:3959: checking for string.h
configure:3975: cc -c -g -Wall -O2  conftest.c >&5
configure:3981: $? = 0
configure:3984: test -z 			 || test ! -s conftest.err
configure:3987: $? = 0
configure:3990: test -s conftest.o
configure:3993: $? = 0
configure:4004: result: yes
configure:3959: checking for memory.h
configure:3975: cc -c -g -Wall -O2  conftest.c >&5
configure:3981: $? = 0
configure:3984: test -z 			 || test ! -s conftest.err
configure:3987: $? = 0
configure:3990: test -s conftest.o
configure:3993: $? = 0
configure:4004: result: yes
configure:3959: checking for strings.h
configure:3975: cc -c -g -Wall -O2  conftest.c >&5
configure:3981: $? = 0
configure:3984: test -z 			 || test ! -s conftest.err
configure:3987: $? = 0
configure:3990: test -s conftest.o
configure:3993: $? = 0
configure:4004: result: yes
configure:3959: checking for inttypes.h
configure:3975: cc -c -g -Wall -O2  conftest.c >&5
configure:3981: $? = 0
configure:3984: test -z 			 || test ! -s conftest.err
configure:3987: $? = 0
configure:3990: test -s conftest.o
configure:3993: $? = 0
configure:4004: result: yes
configure:3959: checking for stdint.h
configure:3975: cc -c -g -Wall -O2  conftest.c >&5
configure:3981: $? = 0
configure:3984: test -z 			 || test ! -s conftest.err
configure:3987: $? = 0
configure:3990: test -s conftest.o
configure:3993: $? = 0
configure:4004: result: yes
configure:3959: checking for unistd.h
configure:3975: cc -c -g -Wall -O2  conftest.c >&5
configure:3981: $? = 0
configure:3984: test -z 			 || test ! -s conftest.err
configure:3987: $? = 0
configure:3990: test -s conftest.o
configure:3993: $? = 0
configure:4004: result: yes
configure:4030: checking dlfcn.h usability
configure:4042: cc -c -g -Wall -O2  conftest.c >&5
configure:4048: $? = 0
configure:4051: test -z 			 || test ! -s conftest.err
configure:4054: $? = 0
configure:4057: test -s conftest.o
configure:4060: $? = 0
configure:4070: result: yes
configure:4074: checking dlfcn.h presence
configure:4084: cc -E  conftest.c
configure:4090: $? = 0
configure:4110: result: yes
configure:4145: checking for dlfcn.h
configure:4152: result: yes
configure:4259: checking for C++ compiler version
configure:4262: g++ --version </dev/null >&5
g++ (GCC) 3.3.5 (Debian 1:3.3.5-8ubuntu2)
Copyright (C) 2003 Free Software Foundation, Inc.
This is free software; see the source for copying conditions.  There is NO
warranty; not even for MERCHANTABILITY or FITNESS FOR A PARTICULAR PURPOSE.

configure:4265: $? = 0
configure:4267: g++ -v </dev/null >&5
Reading specs from /usr/lib/gcc-lib/i486-linux/3.3.5/specs
Configured with: ../src/configure -v --enable-languages=c,c++,java,f77,pascal,objc,ada,treelang --prefix=/usr --mandir=/usr/share/man --infodir=/usr/share/info --with-gxx-include-dir=/usr/include/c++/3.3 --enable-shared --with-system-zlib --enable-nls --without-included-gettext --enable-__cxa_atexit --enable-clocale=gnu --enable-debug --enable-java-gc=boehm --enable-java-awt=xlib --enable-objc-gc i486-linux
Thread model: posix
gcc version 3.3.5 (Debian 1:3.3.5-8ubuntu2)
configure:4270: $? = 0
configure:4272: g++ -V </dev/null >&5
g++: `-V' option must have argument
configure:4275: $? = 1
configure:4278: checking whether we are using the GNU C++ compiler
configure:4302: g++ -c -g -Wall -O2  conftest.cc >&5
configure:4308: $? = 0
configure:4311: test -z 			 || test ! -s conftest.err
configure:4314: $? = 0
configure:4317: test -s conftest.o
configure:4320: $? = 0
configure:4333: result: yes
configure:4339: checking whether g++ accepts -g
configure:4360: g++ -c -g  conftest.cc >&5
configure:4366: $? = 0
configure:4369: test -z 			 || test ! -s conftest.err
configure:4372: $? = 0
configure:4375: test -s conftest.o
configure:4378: $? = 0
configure:4389: result: yes
configure:4431: g++ -c -g -Wall -O2  conftest.cc >&5
configure:4437: $? = 0
configure:4440: test -z 			 || test ! -s conftest.err
configure:4443: $? = 0
configure:4446: test -s conftest.o
configure:4449: $? = 0
configure:4475: g++ -c -g -Wall -O2  conftest.cc >&5
conftest.cc: In function `int main()':
conftest.cc:26: error: `exit' undeclared (first use this function)
conftest.cc:26: error: (Each undeclared identifier is reported only once for 
   each function it appears in.)
configure:4481: $? = 1
configure: failed program was:
| /* confdefs.h.  */
| 
| #define PACKAGE_NAME "uda-postinstall"
| #define PACKAGE_TARNAME "uda-postinstall"
| #define PACKAGE_VERSION "0.21"
| #define PACKAGE_STRING "uda-postinstall 0.21"
| #define PACKAGE_BUGREPORT "http://www.molinux.info"
| #define PACKAGE "uda-postinstall"
| #define VERSION "0.21"
| #define STDC_HEADERS 1
| #define HAVE_SYS_TYPES_H 1
| #define HAVE_SYS_STAT_H 1
| #define HAVE_STDLIB_H 1
| #define HAVE_STRING_H 1
| #define HAVE_MEMORY_H 1
| #define HAVE_STRINGS_H 1
| #define HAVE_INTTYPES_H 1
| #define HAVE_STDINT_H 1
| #define HAVE_UNISTD_H 1
| #define HAVE_DLFCN_H 1
| /* end confdefs.h.  */
| 
| int
| main ()
| {
| exit (42);
|   ;
|   return 0;
| }
configure:4431: g++ -c -g -Wall -O2  conftest.cc >&5
configure:4437: $? = 0
configure:4440: test -z 			 || test ! -s conftest.err
configure:4443: $? = 0
configure:4446: test -s conftest.o
configure:4449: $? = 0
configure:4475: g++ -c -g -Wall -O2  conftest.cc >&5
configure:4481: $? = 0
configure:4484: test -z 			 || test ! -s conftest.err
configure:4487: $? = 0
configure:4490: test -s conftest.o
configure:4493: $? = 0
configure:4526: checking how to run the C++ preprocessor
configure:4557: g++ -E  conftest.cc
configure:4563: $? = 0
configure:4595: g++ -E  conftest.cc
conftest.cc:25:28: ac_nonexistent.h: No such file or directory
configure:4601: $? = 1
configure: failed program was:
| /* confdefs.h.  */
| 
| #define PACKAGE_NAME "uda-postinstall"
| #define PACKAGE_TARNAME "uda-postinstall"
| #define PACKAGE_VERSION "0.21"
| #define PACKAGE_STRING "uda-postinstall 0.21"
| #define PACKAGE_BUGREPORT "http://www.molinux.info"
| #define PACKAGE "uda-postinstall"
| #define VERSION "0.21"
| #define STDC_HEADERS 1
| #define HAVE_SYS_TYPES_H 1
| #define HAVE_SYS_STAT_H 1
| #define HAVE_STDLIB_H 1
| #define HAVE_STRING_H 1
| #define HAVE_MEMORY_H 1
| #define HAVE_STRINGS_H 1
| #define HAVE_INTTYPES_H 1
| #define HAVE_STDINT_H 1
| #define HAVE_UNISTD_H 1
| #define HAVE_DLFCN_H 1
| #ifdef __cplusplus
| extern "C" void std::exit (int) throw (); using std::exit;
| #endif
| /* end confdefs.h.  */
| #include <ac_nonexistent.h>
configure:4640: result: g++ -E
configure:4664: g++ -E  conftest.cc
configure:4670: $? = 0
configure:4702: g++ -E  conftest.cc
conftest.cc:25:28: ac_nonexistent.h: No such file or directory
configure:4708: $? = 1
configure: failed program was:
| /* confdefs.h.  */
| 
| #define PACKAGE_NAME "uda-postinstall"
| #define PACKAGE_TARNAME "uda-postinstall"
| #define PACKAGE_VERSION "0.21"
| #define PACKAGE_STRING "uda-postinstall 0.21"
| #define PACKAGE_BUGREPORT "http://www.molinux.info"
| #define PACKAGE "uda-postinstall"
| #define VERSION "0.21"
| #define STDC_HEADERS 1
| #define HAVE_SYS_TYPES_H 1
| #define HAVE_SYS_STAT_H 1
| #define HAVE_STDLIB_H 1
| #define HAVE_STRING_H 1
| #define HAVE_MEMORY_H 1
| #define HAVE_STRINGS_H 1
| #define HAVE_INTTYPES_H 1
| #define HAVE_STDINT_H 1
| #define HAVE_UNISTD_H 1
| #define HAVE_DLFCN_H 1
| #ifdef __cplusplus
| extern "C" void std::exit (int) throw (); using std::exit;
| #endif
| /* end confdefs.h.  */
| #include <ac_nonexistent.h>
configure:4805: checking for g77
configure:4834: result: no
configure:4805: checking for f77
configure:4834: result: no
configure:4805: checking for xlf
configure:4834: result: no
configure:4805: checking for frt
configure:4834: result: no
configure:4805: checking for pgf77
configure:4834: result: no
configure:4805: checking for fort77
configure:4834: result: no
configure:4805: checking for fl32
configure:4834: result: no
configure:4805: checking for af77
configure:4834: result: no
configure:4805: checking for f90
configure:4834: result: no
configure:4805: checking for xlf90
configure:4834: result: no
configure:4805: checking for pgf90
configure:4834: result: no
configure:4805: checking for epcf90
configure:4834: result: no
configure:4805: checking for f95
configure:4834: result: no
configure:4805: checking for fort
configure:4834: result: no
configure:4805: checking for xlf95
configure:4834: result: no
configure:4805: checking for ifc
configure:4834: result: no
configure:4805: checking for efc
configure:4834: result: no
configure:4805: checking for pgf95
configure:4834: result: no
configure:4805: checking for lf95
configure:4834: result: no
configure:4805: checking for gfortran
configure:4834: result: no
configure:4846: checking for Fortran 77 compiler version
configure:4849:  --version </dev/null >&5
/home/carlospc/guadalinex2005/no_live_installer/default/src/uda-postinstall/uda-postinstall-0.21/./configure: line 4850: --version: command not found
configure:4852: $? = 127
configure:4854:  -v </dev/null >&5
/home/carlospc/guadalinex2005/no_live_installer/default/src/uda-postinstall/uda-postinstall-0.21/./configure: line 4855: -v: command not found
configure:4857: $? = 127
configure:4859:  -V </dev/null >&5
/home/carlospc/guadalinex2005/no_live_installer/default/src/uda-postinstall/uda-postinstall-0.21/./configure: line 4860: -V: command not found
configure:4862: $? = 127
configure:4870: checking whether we are using the GNU Fortran 77 compiler
configure:4884:  -c  conftest.F >&5
/home/carlospc/guadalinex2005/no_live_installer/default/src/uda-postinstall/uda-postinstall-0.21/./configure: line 4885: -c: command not found
configure:4890: $? = 127
configure: failed program was:
|       program main
| #ifndef __GNUC__
|        choke me
| #endif
| 
|       end
configure:4915: result: no
configure:4921: checking whether  accepts -g
configure:4933:  -c -g conftest.f >&5
/home/carlospc/guadalinex2005/no_live_installer/default/src/uda-postinstall/uda-postinstall-0.21/./configure: line 4934: -c: command not found
configure:4939: $? = 127
configure: failed program was:
|       program main
| 
|       end
configure:4963: result: no
configure:4993: checking the maximum length of command line arguments
configure:5085: result: 32768
configure:5096: checking command to parse /usr/bin/nm -B output from cc object
configure:5192: cc -c -g -Wall -O2  conftest.c >&5
configure:5195: $? = 0
configure:5199: /usr/bin/nm -B conftest.o \| sed -n -e 's/^.*[ 	]\([ABCDGIRSTW][ABCDGIRSTW]*\)[ 	][ 	]*\([_A-Za-z][_A-Za-z0-9]*\)$/\1 \2 \2/p' \> conftest.nm
configure:5202: $? = 0
configure:5254: cc -o conftest -g -Wall -O2   conftest.c conftstm.o >&5
configure:5257: $? = 0
configure:5295: result: ok
configure:5299: checking for objdir
configure:5314: result: .libs
configure:5404: checking for ar
configure:5420: found /usr/bin/ar
configure:5431: result: ar
configure:5484: checking for ranlib
configure:5500: found /usr/bin/ranlib
configure:5511: result: ranlib
configure:5564: checking for strip
configure:5580: found /usr/bin/strip
configure:5591: result: strip
configure:5878: checking if cc static flag  works
configure:5906: result: yes
configure:5924: checking if cc supports -fno-rtti -fno-exceptions
configure:5942: cc -c -g -Wall -O2  -fno-rtti -fno-exceptions conftest.c >&5
cc1: warning: "-fno-rtti" is valid for C++ but not for C/ObjC
configure:5946: $? = 0
configure:5959: result: no
configure:5974: checking for cc option to produce PIC
configure:6178: result: -fPIC
configure:6186: checking if cc PIC flag -fPIC works
configure:6204: cc -c -g -Wall -O2  -fPIC -DPIC conftest.c >&5
configure:6208: $? = 0
configure:6221: result: yes
configure:6245: checking if cc supports -c -o file.o
configure:6266: cc -c -g -Wall -O2  -o out/conftest2.o conftest.c >&5
configure:6270: $? = 0
configure:6292: result: yes
configure:6318: checking whether the cc linker (/usr/bin/ld) supports shared libraries
configure:7213: result: yes
configure:7239: checking whether -lc should be explicitly linked in
configure:7244: cc -c -g -Wall -O2  conftest.c >&5
configure:7247: $? = 0
configure:7261: cc -shared conftest.o  -v -Wl,-soname -Wl,conftest -o conftest 2\>\&1 \| grep  -lc  \>/dev/null 2\>\&1
configure:7264: $? = 0
configure:7276: result: no
configure:7284: checking dynamic linker characteristics
configure:7850: result: GNU/Linux ld.so
configure:7854: checking how to hardcode library paths into programs
configure:7879: result: immediate
configure:7893: checking whether stripping libraries is possible
configure:7898: result: yes
configure:8721: checking if libtool supports shared libraries
configure:8723: result: yes
configure:8726: checking whether to build shared libraries
configure:8747: result: yes
configure:8750: checking whether to build static libraries
configure:8754: result: no
configure:8846: creating libtool
configure:9424: checking for ld used by g++
configure:9491: result: /usr/bin/ld
configure:9500: checking if the linker (/usr/bin/ld) is GNU ld
configure:9515: result: yes
configure:9566: checking whether the g++ linker (/usr/bin/ld) supports shared libraries
configure:10444: result: yes
configure:10462: g++ -c -g -Wall -O2  conftest.cpp >&5
configure:10465: $? = 0
configure:10575: checking for g++ option to produce PIC
configure:10843: result: -fPIC
configure:10851: checking if g++ PIC flag -fPIC works
configure:10869: g++ -c -g -Wall -O2  -fPIC -DPIC conftest.cpp >&5
configure:10873: $? = 0
configure:10886: result: yes
configure:10910: checking if g++ supports -c -o file.o
configure:10931: g++ -c -g -Wall -O2  -o out/conftest2.o conftest.cpp >&5
configure:10935: $? = 0
configure:10957: result: yes
configure:10983: checking whether the g++ linker (/usr/bin/ld) supports shared libraries
configure:11011: result: yes
configure:11082: checking dynamic linker characteristics
configure:11648: result: GNU/Linux ld.so
configure:11652: checking how to hardcode library paths into programs
configure:11677: result: immediate
configure:11691: checking whether stripping libraries is possible
configure:11696: result: yes
configure:19239: checking for a BSD-compatible install
configure:19294: result: /usr/bin/install -c
configure:19305: checking whether make sets $(MAKE)
configure:19325: result: yes
configure:19393: checking for pkg-config
configure:19411: found /usr/bin/pkg-config
configure:19423: result: /usr/bin/pkg-config
configure:19438: checking pkg-config is at least version 0.9.0
configure:19441: result: yes
configure:19452: checking for UDA_POSTINSTALL
configure:19462: $PKG_CONFIG --exists --print-errors "\
	 glib-2.0 >= $GLIB_REQUIRED                \
	 gthread-2.0 >= $GLIB_REQUIRED             \
	 gmodule-2.0 >= $GLIB_REQUIRED		  \
	 gtk+-2.0    >= $GTK_REQUIRED             \
	 libglade-2.0 >= $GLADE_REQUIRED "
configure:19470: $? = 0
configure:19491: $PKG_CONFIG --exists --print-errors "\
	 glib-2.0 >= $GLIB_REQUIRED                \
	 gthread-2.0 >= $GLIB_REQUIRED             \
	 gmodule-2.0 >= $GLIB_REQUIRED		  \
	 gtk+-2.0    >= $GTK_REQUIRED             \
	 libglade-2.0 >= $GLADE_REQUIRED "
configure:19499: $? = 0
configure:19574: result: yes
configure:19682: checking what warning flags to pass to the C compiler
configure:19684: result: -Wall -Wmissing-prototypes
configure:19695: checking what language compliance flags to pass to the C compiler
configure:19710: result: 
configure:19747: checking locale.h usability
configure:19759: cc -c -g -Wall -O2  conftest.c >&5
configure:19765: $? = 0
configure:19768: test -z 			 || test ! -s conftest.err
configure:19771: $? = 0
configure:19774: test -s conftest.o
configure:19777: $? = 0
configure:19787: result: yes
configure:19791: checking locale.h presence
configure:19801: cc -E  conftest.c
configure:19807: $? = 0
configure:19827: result: yes
configure:19862: checking for locale.h
configure:19869: result: yes
configure:19883: checking for LC_MESSAGES
configure:19904: cc -o conftest -g -Wall -O2   conftest.c  >&5
configure:19910: $? = 0
configure:19913: test -z 			 || test ! -s conftest.err
configure:19916: $? = 0
configure:19919: test -s conftest
configure:19922: $? = 0
configure:19934: result: yes
configure:19963: checking libintl.h usability
configure:19975: cc -c -g -Wall -O2  conftest.c >&5
configure:19981: $? = 0
configure:19984: test -z 			 || test ! -s conftest.err
configure:19987: $? = 0
configure:19990: test -s conftest.o
configure:19993: $? = 0
configure:20003: result: yes
configure:20007: checking libintl.h presence
configure:20017: cc -E  conftest.c
configure:20023: $? = 0
configure:20043: result: yes
configure:20078: checking for libintl.h
configure:20085: result: yes
configure:20096: checking for ngettext in libc
configure:20119: cc -o conftest -g -Wall -O2   conftest.c  >&5
configure:20125: $? = 0
configure:20128: test -z 			 || test ! -s conftest.err
configure:20131: $? = 0
configure:20134: test -s conftest
configure:20137: $? = 0
configure:20150: result: yes
configure:20154: checking for dgettext in libc
configure:20177: cc -o conftest -g -Wall -O2   conftest.c  >&5
configure:20183: $? = 0
configure:20186: test -z 			 || test ! -s conftest.err
configure:20189: $? = 0
configure:20192: test -s conftest
configure:20195: $? = 0
configure:20208: result: yes
configure:20217: checking for bind_textdomain_codeset
configure:20274: cc -o conftest -g -Wall -O2   conftest.c  >&5
configure:20280: $? = 0
configure:20283: test -z 			 || test ! -s conftest.err
configure:20286: $? = 0
configure:20289: test -s conftest
configure:20292: $? = 0
configure:20304: result: yes
configure:20808: checking for msgfmt
configure:20835: result: /usr/bin/msgfmt
configure:20848: checking for dcgettext
configure:20905: cc -o conftest -g -Wall -O2   conftest.c   >&5
configure:20911: $? = 0
configure:20914: test -z 			 || test ! -s conftest.err
configure:20917: $? = 0
configure:20920: test -s conftest
configure:20923: $? = 0
configure:20935: result: yes
configure:20947: checking for gmsgfmt
configure:20978: result: /usr/bin/msgfmt
configure:20987: checking for xgettext
configure:21014: result: /usr/bin/xgettext
configure:21038: cc -o conftest -g -Wall -O2   conftest.c   >&5
configure:21044: $? = 0
configure:21047: test -z 			 || test ! -s conftest.err
configure:21050: $? = 0
configure:21053: test -s conftest
configure:21056: $? = 0
configure:21228: checking for catalogs to be installed
configure:21253: result:  es
configure:21355: checking for perl
configure:21373: found /usr/bin/perl
configure:21385: result: /usr/bin/perl
configure:21403: checking for XML::Parser
configure:21406: result: ok
configure:21417: checking for iconv
configure:21435: found /usr/bin/iconv
configure:21448: result: /usr/bin/iconv
configure:21457: checking for msgfmt
configure:21475: found /usr/bin/msgfmt
configure:21488: result: /usr/bin/msgfmt
configure:21497: checking for msgmerge
configure:21515: found /usr/bin/msgmerge
configure:21528: result: /usr/bin/msgmerge
configure:21537: checking for xgettext
configure:21555: found /usr/bin/xgettext
configure:21568: result: /usr/bin/xgettext
configure:21707: creating ./config.status

## ---------------------- ##
## Running config.status. ##
## ---------------------- ##

This file was extended by uda-postinstall config.status 0.21, which was
generated by GNU Autoconf 2.59.  Invocation command line was

  CONFIG_FILES    = 
  CONFIG_HEADERS  = 
  CONFIG_LINKS    = 
  CONFIG_COMMANDS = 
  $ ./config.status 

on ws-carlospc

config.status:800: creating Makefile
config.status:800: creating src/Makefile
config.status:800: creating src/data/Makefile
config.status:800: creating src/branding/Makefile
config.status:800: creating src/branding/Molinux/Makefile
config.status:800: creating src/branding/Molinux/es/Makefile
config.status:800: creating src/branding/Guadalinex/Makefile
config.status:800: creating src/branding/Guadalinex/es/Makefile
config.status:800: creating po/Makefile.in
config.status:866: creating config.h
config.status:1148: executing default-1 commands
config.status:1148: executing default-2 commands
config.status:1148: executing intltool commands

## ---------------- ##
## Cache variables. ##
## ---------------- ##

ac_cv_build=i386-pc-linux-gnu
ac_cv_build_alias=i386-linux
ac_cv_c_compiler_gnu=yes
ac_cv_cxx_compiler_gnu=yes
ac_cv_env_CC_set=set
ac_cv_env_CC_value=cc
ac_cv_env_CFLAGS_set=set
ac_cv_env_CFLAGS_value='-g -Wall -O2'
ac_cv_env_CPPFLAGS_set=
ac_cv_env_CPPFLAGS_value=
ac_cv_env_CPP_set=
ac_cv_env_CPP_value=
ac_cv_env_CXXCPP_set=
ac_cv_env_CXXCPP_value=
ac_cv_env_CXXFLAGS_set=set
ac_cv_env_CXXFLAGS_value='-g -Wall -O2'
ac_cv_env_CXX_set=set
ac_cv_env_CXX_value=g++
ac_cv_env_F77_set=
ac_cv_env_F77_value=
ac_cv_env_FFLAGS_set=
ac_cv_env_FFLAGS_value=
ac_cv_env_LDFLAGS_set=
ac_cv_env_LDFLAGS_value=
ac_cv_env_PKG_CONFIG_set=
ac_cv_env_PKG_CONFIG_value=
ac_cv_env_UDA_POSTINSTALL_CFLAGS_set=
ac_cv_env_UDA_POSTINSTALL_CFLAGS_value=
ac_cv_env_UDA_POSTINSTALL_LIBS_set=
ac_cv_env_UDA_POSTINSTALL_LIBS_value=
ac_cv_env_build_alias_set=set
ac_cv_env_build_alias_value=i386-linux
ac_cv_env_host_alias_set=
ac_cv_env_host_alias_value=
ac_cv_env_target_alias_set=
ac_cv_env_target_alias_value=
ac_cv_exeext=
ac_cv_f77_compiler_gnu=no
ac_cv_func_bind_textdomain_codeset=yes
ac_cv_func_dcgettext=yes
ac_cv_header_dlfcn_h=yes
ac_cv_header_inttypes_h=yes
ac_cv_header_libintl_h=yes
ac_cv_header_locale_h=yes
ac_cv_header_memory_h=yes
ac_cv_header_stdc=yes
ac_cv_header_stdint_h=yes
ac_cv_header_stdlib_h=yes
ac_cv_header_string_h=yes
ac_cv_header_strings_h=yes
ac_cv_header_sys_stat_h=yes
ac_cv_header_sys_types_h=yes
ac_cv_header_unistd_h=yes
ac_cv_host=i386-pc-linux-gnu
ac_cv_host_alias=i386-linux
ac_cv_objext=o
ac_cv_path_GMSGFMT=/usr/bin/msgfmt
ac_cv_path_INTLTOOL_ICONV=/usr/bin/iconv
ac_cv_path_INTLTOOL_MSGFMT=/usr/bin/msgfmt
ac_cv_path_INTLTOOL_MSGMERGE=/usr/bin/msgmerge
ac_cv_path_INTLTOOL_PERL=/usr/bin/perl
ac_cv_path_INTLTOOL_XGETTEXT=/usr/bin/xgettext
ac_cv_path_MSGFMT=/usr/bin/msgfmt
ac_cv_path_XGETTEXT=/usr/bin/xgettext
ac_cv_path_ac_pt_PKG_CONFIG=/usr/bin/pkg-config
ac_cv_path_install='/usr/bin/install -c'
ac_cv_prog_CPP='cc -E'
ac_cv_prog_CXXCPP='g++ -E'
ac_cv_prog_ac_ct_AR=ar
ac_cv_prog_ac_ct_CC=cc
ac_cv_prog_ac_ct_RANLIB=ranlib
ac_cv_prog_ac_ct_STRIP=strip
ac_cv_prog_cc_g=yes
ac_cv_prog_cc_stdc=
ac_cv_prog_cxx_g=yes
ac_cv_prog_egrep='grep -E'
ac_cv_prog_f77_g=no
ac_cv_prog_make_make_set=yes
am_cv_val_LC_MESSAGES=yes
gt_cv_func_dgettext_libc=yes
gt_cv_func_dgettext_libintl=no
gt_cv_func_ngettext_libc=yes
gt_cv_have_gettext=yes
lt_cv_deplibs_check_method=pass_all
lt_cv_file_magic_cmd='$MAGIC_CMD'
lt_cv_file_magic_test_file=
lt_cv_ld_reload_flag=-r
lt_cv_objdir=.libs
lt_cv_path_LD=/usr/bin/ld
lt_cv_path_LDCXX=/usr/bin/ld
lt_cv_path_NM='/usr/bin/nm -B'
lt_cv_path_SED=/bin/sed
lt_cv_prog_compiler_c_o=yes
lt_cv_prog_compiler_c_o_CXX=yes
lt_cv_prog_compiler_rtti_exceptions=no
lt_cv_prog_gnu_ld=yes
lt_cv_prog_gnu_ldcxx=yes
lt_cv_sys_global_symbol_pipe='sed -n -e '\''s/^.*[ 	]\([ABCDGIRSTW][ABCDGIRSTW]*\)[ 	][ 	]*\([_A-Za-z][_A-Za-z0-9]*\)$/\1 \2 \2/p'\'''
lt_cv_sys_global_symbol_to_c_name_address='sed -n -e '\''s/^: \([^ ]*\) $/  {\"\1\", (lt_ptr) 0},/p'\'' -e '\''s/^[BCDEGRST] \([^ ]*\) \([^ ]*\)$/  {"\2", (lt_ptr) \&\2},/p'\'''
lt_cv_sys_global_symbol_to_cdecl='sed -n -e '\''s/^. .* \(.*\)$/extern int \1;/p'\'''
lt_cv_sys_max_cmd_len=32768
lt_lt_cv_prog_compiler_c_o='"yes"'
lt_lt_cv_prog_compiler_c_o_CXX='"yes"'
lt_lt_cv_sys_global_symbol_pipe='"sed -n -e '\''s/^.*[ 	]\\([ABCDGIRSTW][ABCDGIRSTW]*\\)[ 	][ 	]*\\([_A-Za-z][_A-Za-z0-9]*\\)\$/\\1 \\2 \\2/p'\''"'
lt_lt_cv_sys_global_symbol_to_c_name_address='"sed -n -e '\''s/^: \\([^ ]*\\) \$/  {\\\"\\1\\\", (lt_ptr) 0},/p'\'' -e '\''s/^[BCDEGRST] \\([^ ]*\\) \\([^ ]*\\)\$/  {\"\\2\", (lt_ptr) \\&\\2},/p'\''"'
lt_lt_cv_sys_global_symbol_to_cdecl='"sed -n -e '\''s/^. .* \\(.*\\)\$/extern int \\1;/p'\''"'
pkg_cv_UDA_POSTINSTALL_CFLAGS='-pthread -DXTHREADS -I/usr/include/glib-2.0 -I/usr/lib/glib-2.0/include -I/usr/include/gtk-2.0 -I/usr/lib/gtk-2.0/include -I/usr/X11R6/include -I/usr/include/atk-1.0 -I/usr/include/pango-1.0 -I/usr/include/freetype2 -I/usr/include/libglade-2.0 -I/usr/include/libxml2  '
pkg_cv_UDA_POSTINSTALL_LIBS='-pthread -Wl,--export-dynamic -lgthread-2.0 -lglade-2.0 -lgtk-x11-2.0 -lxml2 -lpthread -lz -lgdk-x11-2.0 -latk-1.0 -lgdk_pixbuf-2.0 -lm -lpangoxft-1.0 -lpangox-1.0 -lpango-1.0 -lgobject-2.0 -lgmodule-2.0 -ldl -lglib-2.0  '

## ----------------- ##
## Output variables. ##
## ----------------- ##

ACLOCAL='aclocal-1.4'
ACLOCAL_AMFLAGS='${ACLOCAL_FLAGS}'
AR='ar'
AUTOCONF='autoconf'
AUTOHEADER='autoheader'
AUTOMAKE='automake-1.4'
CATALOGS=' es.gmo'
CATOBJEXT='.gmo'
CC='cc'
CFLAGS='-g -Wall -O2'
CPP='cc -E'
CPPFLAGS=''
CXX='g++'
CXXCPP='g++ -E'
CXXFLAGS='-g -Wall -O2'
DATADIRNAME='share'
DEFS='-DHAVE_CONFIG_H'
ECHO='echo'
ECHO_C=''
ECHO_N='-n'
ECHO_T=''
EGREP='grep -E'
EXEEXT=''
F77=''
FFLAGS=''
GETTEXT_PACKAGE='uda-postinstall'
GLADE_REQUIRED='2.4.0'
GLIB_REQUIRED='2.4.0'
GMOFILES=' es.gmo'
GMSGFMT='/usr/bin/msgfmt'
GTK_REQUIRED='2.4.0'
INSTALL_DATA='${INSTALL} -m 644'
INSTALL_PROGRAM='${INSTALL}'
INSTALL_SCRIPT='${INSTALL}'
INSTOBJEXT='.mo'
INTLLIBS=''
INTLTOOL_CAVES_RULE='%.caves:     %.caves.in     $(INTLTOOL_MERGE) $(wildcard $(top_srcdir)/po/*.po) ; LC_ALL=C $(INTLTOOL_MERGE) -d -u -c $(top_builddir)/po/.intltool-merge-cache $(top_srcdir)/po $< $@'
INTLTOOL_DESKTOP_RULE='%.desktop:   %.desktop.in   $(INTLTOOL_MERGE) $(wildcard $(top_srcdir)/po/*.po) ; LC_ALL=C $(INTLTOOL_MERGE) -d -u -c $(top_builddir)/po/.intltool-merge-cache $(top_srcdir)/po $< $@'
INTLTOOL_DIRECTORY_RULE='%.directory: %.directory.in $(INTLTOOL_MERGE) $(wildcard $(top_srcdir)/po/*.po) ; LC_ALL=C $(INTLTOOL_MERGE) -d -u -c $(top_builddir)/po/.intltool-merge-cache $(top_srcdir)/po $< $@'
INTLTOOL_EXTRACT='$(top_builddir)/intltool-extract'
INTLTOOL_ICONV='/usr/bin/iconv'
INTLTOOL_KBD_RULE='%.kbd:       %.kbd.in       $(INTLTOOL_MERGE) $(wildcard $(top_srcdir)/po/*.po) ; LC_ALL=C $(INTLTOOL_MERGE) -x -u -m -c $(top_builddir)/po/.intltool-merge-cache $(top_srcdir)/po $< $@'
INTLTOOL_KEYS_RULE='%.keys:      %.keys.in      $(INTLTOOL_MERGE) $(wildcard $(top_srcdir)/po/*.po) ; LC_ALL=C $(INTLTOOL_MERGE) -k -u -c $(top_builddir)/po/.intltool-merge-cache $(top_srcdir)/po $< $@'
INTLTOOL_MERGE='$(top_builddir)/intltool-merge'
INTLTOOL_MSGFMT='/usr/bin/msgfmt'
INTLTOOL_MSGMERGE='/usr/bin/msgmerge'
INTLTOOL_OAF_RULE='%.oaf:       %.oaf.in       $(INTLTOOL_MERGE) $(wildcard $(top_srcdir)/po/*.po) ; LC_ALL=C $(INTLTOOL_MERGE) -o -p $(top_srcdir)/po $< $@'
INTLTOOL_PERL='/usr/bin/perl'
INTLTOOL_PONG_RULE='%.pong:      %.pong.in      $(INTLTOOL_MERGE) $(wildcard $(top_srcdir)/po/*.po) ; LC_ALL=C $(INTLTOOL_MERGE) -x -u -c $(top_builddir)/po/.intltool-merge-cache $(top_srcdir)/po $< $@'
INTLTOOL_PROP_RULE='%.prop:      %.prop.in      $(INTLTOOL_MERGE) $(wildcard $(top_srcdir)/po/*.po) ; LC_ALL=C $(INTLTOOL_MERGE) -d -u -c $(top_builddir)/po/.intltool-merge-cache $(top_srcdir)/po $< $@'
INTLTOOL_SCHEMAS_RULE='%.schemas:   %.schemas.in   $(INTLTOOL_MERGE) $(wildcard $(top_srcdir)/po/*.po) ; LC_ALL=C $(INTLTOOL_MERGE) -s -u -c $(top_builddir)/po/.intltool-merge-cache $(top_srcdir)/po $< $@'
INTLTOOL_SERVER_RULE='%.server:    %.server.in    $(INTLTOOL_MERGE) $(wildcard $(top_srcdir)/po/*.po) ; LC_ALL=C $(INTLTOOL_MERGE) -o -u -c $(top_builddir)/po/.intltool-merge-cache $(top_srcdir)/po $< $@'
INTLTOOL_SHEET_RULE='%.sheet:     %.sheet.in     $(INTLTOOL_MERGE) $(wildcard $(top_srcdir)/po/*.po) ; LC_ALL=C $(INTLTOOL_MERGE) -x -u -c $(top_builddir)/po/.intltool-merge-cache $(top_srcdir)/po $< $@'
INTLTOOL_SOUNDLIST_RULE='%.soundlist: %.soundlist.in $(INTLTOOL_MERGE) $(wildcard $(top_srcdir)/po/*.po) ; LC_ALL=C $(INTLTOOL_MERGE) -d -u -c $(top_builddir)/po/.intltool-merge-cache $(top_srcdir)/po $< $@'
INTLTOOL_THEME_RULE='%.theme:     %.theme.in     $(INTLTOOL_MERGE) $(wildcard $(top_srcdir)/po/*.po) ; LC_ALL=C $(INTLTOOL_MERGE) -d -u -c $(top_builddir)/po/.intltool-merge-cache $(top_srcdir)/po $< $@'
INTLTOOL_UI_RULE='%.ui:        %.ui.in        $(INTLTOOL_MERGE) $(wildcard $(top_srcdir)/po/*.po) ; LC_ALL=C $(INTLTOOL_MERGE) -x -u -c $(top_builddir)/po/.intltool-merge-cache $(top_srcdir)/po $< $@'
INTLTOOL_UPDATE='$(top_builddir)/intltool-update'
INTLTOOL_XAM_RULE='%.xam:       %.xml.in       $(INTLTOOL_MERGE) $(wildcard $(top_srcdir)/po/*.po) ; LC_ALL=C $(INTLTOOL_MERGE) -x -u -c $(top_builddir)/po/.intltool-merge-cache $(top_srcdir)/po $< $@'
INTLTOOL_XGETTEXT='/usr/bin/xgettext'
INTLTOOL_XML_NOMERGE_RULE='%.xml:       %.xml.in       $(INTLTOOL_MERGE) ; LC_ALL=C $(INTLTOOL_MERGE) -x -u /tmp $< $@'
INTLTOOL_XML_RULE='%.xml:       %.xml.in       $(INTLTOOL_MERGE) $(wildcard $(top_srcdir)/po/*.po) ; LC_ALL=C $(INTLTOOL_MERGE) -x -u -c $(top_builddir)/po/.intltool-merge-cache $(top_srcdir)/po $< $@'
LDFLAGS=''
LIBOBJS=''
LIBS=''
LIBTOOL='$(SHELL) $(top_builddir)/libtool'
LN_S='ln -s'
LTLIBOBJS=''
MAINT='#'
MAINTAINER_MODE_FALSE=''
MAINTAINER_MODE_TRUE='#'
MAKEINFO='makeinfo'
MKINSTALLDIRS='./mkinstalldirs'
MSGFMT='/usr/bin/msgfmt'
OBJEXT='o'
PACKAGE='uda-postinstall'
PACKAGE_BUGREPORT='http://www.molinux.info'
PACKAGE_NAME='uda-postinstall'
PACKAGE_STRING='uda-postinstall 0.21'
PACKAGE_TARNAME='uda-postinstall'
PACKAGE_VERSION='0.21'
PATH_SEPARATOR=':'
PKG_CONFIG='/usr/bin/pkg-config'
POFILES=' es.po'
POSUB='po'
PO_IN_DATADIR_FALSE=''
PO_IN_DATADIR_TRUE=''
RANLIB='ranlib'
SET_MAKE=''
SHELL='/bin/sh'
STRIP='strip'
UDA_POSTINSTALL_CFLAGS='-pthread -DXTHREADS -I/usr/include/glib-2.0 -I/usr/lib/glib-2.0/include -I/usr/include/gtk-2.0 -I/usr/lib/gtk-2.0/include -I/usr/X11R6/include -I/usr/include/atk-1.0 -I/usr/include/pango-1.0 -I/usr/include/freetype2 -I/usr/include/libglade-2.0 -I/usr/include/libxml2  '
UDA_POSTINSTALL_LIBS='-pthread -Wl,--export-dynamic -lgthread-2.0 -lglade-2.0 -lgtk-x11-2.0 -lxml2 -lpthread -lz -lgdk-x11-2.0 -latk-1.0 -lgdk_pixbuf-2.0 -lm -lpangoxft-1.0 -lpangox-1.0 -lpango-1.0 -lgobject-2.0 -lgmodule-2.0 -ldl -lglib-2.0  '
USE_NLS='yes'
VERSION='0.21'
WARN_CFLAGS='-Wall -Wmissing-prototypes '
XGETTEXT='/usr/bin/xgettext'
ac_ct_AR='ar'
ac_ct_CC='cc'
ac_ct_CXX=''
ac_ct_F77=''
ac_ct_RANLIB='ranlib'
ac_ct_STRIP='strip'
ac_pt_PKG_CONFIG='/usr/bin/pkg-config'
bindir='${exec_prefix}/bin'
build='i386-pc-linux-gnu'
build_alias='i386-linux'
build_cpu='i386'
build_os='linux-gnu'
build_vendor='pc'
datadir='${prefix}/share'
exec_prefix='${prefix}'
host='i386-pc-linux-gnu'
host_alias=''
host_cpu='i386'
host_os='linux-gnu'
host_vendor='pc'
includedir='${prefix}/include'
infodir='${prefix}/share/info'
libdir='${exec_prefix}/lib'
libexecdir='${prefix}/lib/uda-postinstall'
localstatedir='/var'
mandir='${prefix}/share/man'
oldincludedir='/usr/include'
prefix='/usr'
program_transform_name='s,x,x,'
sbindir='${exec_prefix}/sbin'
sharedstatedir='${prefix}/com'
sysconfdir='/etc'
target_alias=''

## ----------- ##
## confdefs.h. ##
## ----------- ##

#define ENABLE_NLS 1
#define GETTEXT_PACKAGE "uda-postinstall"
#define HAVE_BIND_TEXTDOMAIN_CODESET 1
#define HAVE_DCGETTEXT 1
#define HAVE_DLFCN_H 1
#define HAVE_GETTEXT 1
#define HAVE_INTTYPES_H 1
#define HAVE_LC_MESSAGES 1
#define HAVE_LOCALE_H 1
#define HAVE_MEMORY_H 1
#define HAVE_STDINT_H 1
#define HAVE_STDLIB_H 1
#define HAVE_STRINGS_H 1
#define HAVE_STRING_H 1
#define HAVE_SYS_STAT_H 1
#define HAVE_SYS_TYPES_H 1
#define HAVE_UNISTD_H 1
#define LOCALEDIR "/usr/share/locale"
#define PACKAGE "uda-postinstall"
#define PACKAGE_BUGREPORT "http://www.molinux.info"
#define PACKAGE_NAME "uda-postinstall"
#define PACKAGE_STRING "uda-postinstall 0.21"
#define PACKAGE_TARNAME "uda-postinstall"
#define PACKAGE_VERSION "0.21"
#define STDC_HEADERS 1
#define VERSION "0.21"
#endif
#ifdef __cplusplus
extern "C" void std::exit (int) throw (); using std::exit;

configure: exit 0
