can't find file to patch at input line 4
Perhaps you used the wrong -p or --strip option?
The text leading up to this was:
--------------------------
|diff -Nur gparted-0.0.8+cvs2005061901/configure.in gparted-0.0.8+cvs2005061901.new/configure.in
|--- gparted-0.0.8+cvs2005061901/configure.in	2005-06-19 22:37:06.000000000 +0200
|+++ gparted-0.0.8+cvs2005061901.new/configure.in	2005-08-05 20:17:32.000000000 +0200
--------------------------
File to patch: 
Skip this patch? [y] 
Skipping patch.
1 out of 1 hunk ignored
can't find file to patch at input line 16
Perhaps you used the wrong -p or --strip option?
The text leading up to this was:
--------------------------
|diff -Nur gparted-0.0.8+cvs2005061901/include/Device.h gparted-0.0.8+cvs2005061901.new/include/Device.h
|--- gparted-0.0.8+cvs2005061901/include/Device.h	2004-12-27 19:56:57.000000000 +0100
|+++ gparted-0.0.8+cvs2005061901.new/include/Device.h	2005-08-05 20:17:32.000000000 +0200
--------------------------
File to patch: 
Skip this patch? [y] 
Skipping patch.
1 out of 1 hunk ignored
can't find file to patch at input line 32
Perhaps you used the wrong -p or --strip option?
The text leading up to this was:
--------------------------
|diff -Nur gparted-0.0.8+cvs2005061901/include/Dialog_Progress.h gparted-0.0.8+cvs2005061901.new/include/Dialog_Progress.h
|--- gparted-0.0.8+cvs2005061901/include/Dialog_Progress.h	2004-11-17 14:00:25.000000000 +0100
|+++ gparted-0.0.8+cvs2005061901.new/include/Dialog_Progress.h	2005-08-05 20:17:32.000000000 +0200
--------------------------
File to patch: 
Skip this patch? [y] 
Skipping patch.
1 out of 1 hunk ignored
can't find file to patch at input line 58
Perhaps you used the wrong -p or --strip option?
The text leading up to this was:
--------------------------
|diff -Nur gparted-0.0.8+cvs2005061901/include/GParted_Core.h gparted-0.0.8+cvs2005061901.new/include/GParted_Core.h
|--- gparted-0.0.8+cvs2005061901/include/GParted_Core.h	2005-02-01 18:04:03.000000000 +0100
|+++ gparted-0.0.8+cvs2005061901.new/include/GParted_Core.h	2005-08-05 20:17:32.000000000 +0200
--------------------------
File to patch: 
Skip this patch? [y] 
Skipping patch.
3 out of 3 hunks ignored
can't find file to patch at input line 98
Perhaps you used the wrong -p or --strip option?
The text leading up to this was:
--------------------------
|diff -Nur gparted-0.0.8+cvs2005061901/include/Operation.h gparted-0.0.8+cvs2005061901.new/include/Operation.h
|--- gparted-0.0.8+cvs2005061901/include/Operation.h	2004-12-27 13:08:00.000000000 +0100
|+++ gparted-0.0.8+cvs2005061901.new/include/Operation.h	2005-08-05 20:17:32.000000000 +0200
--------------------------
File to patch: 
Skip this patch? [y] 
Skipping patch.
2 out of 2 hunks ignored
can't find file to patch at input line 119
Perhaps you used the wrong -p or --strip option?
The text leading up to this was:
--------------------------
|diff -Nur gparted-0.0.8+cvs2005061901/include/Partition.h gparted-0.0.8+cvs2005061901.new/include/Partition.h
|--- gparted-0.0.8+cvs2005061901/include/Partition.h	2004-11-21 22:49:38.000000000 +0100
|+++ gparted-0.0.8+cvs2005061901.new/include/Partition.h	2005-08-05 20:17:32.000000000 +0200
--------------------------
File to patch: 
Skip this patch? [y] 
Skipping patch.
3 out of 3 hunks ignored
can't find file to patch at input line 164
Perhaps you used the wrong -p or --strip option?
The text leading up to this was:
--------------------------
|diff -Nur gparted-0.0.8+cvs2005061901/include/TreeView_Detail.h gparted-0.0.8+cvs2005061901.new/include/TreeView_Detail.h
|--- gparted-0.0.8+cvs2005061901/include/TreeView_Detail.h	2005-02-01 18:04:03.000000000 +0100
|+++ gparted-0.0.8+cvs2005061901.new/include/TreeView_Detail.h	2005-08-05 20:17:32.000000000 +0200
--------------------------
File to patch: 
Skip this patch? [y] 
Skipping patch.
3 out of 3 hunks ignored
can't find file to patch at input line 241
Perhaps you used the wrong -p or --strip option?
The text leading up to this was:
--------------------------
|diff -Nur gparted-0.0.8+cvs2005061901/include/VBox_VisualDisk.h gparted-0.0.8+cvs2005061901.new/include/VBox_VisualDisk.h
|--- gparted-0.0.8+cvs2005061901/include/VBox_VisualDisk.h	2004-11-21 22:49:38.000000000 +0100
|+++ gparted-0.0.8+cvs2005061901.new/include/VBox_VisualDisk.h	2005-08-05 20:17:32.000000000 +0200
--------------------------
File to patch: 
Skip this patch? [y] 
Skipping patch.
1 out of 1 hunk ignored
can't find file to patch at input line 261
Perhaps you used the wrong -p or --strip option?
The text leading up to this was:
--------------------------
|diff -Nur gparted-0.0.8+cvs2005061901/src/Dialog_Partition_Info.cc gparted-0.0.8+cvs2005061901.new/src/Dialog_Partition_Info.cc
|--- gparted-0.0.8+cvs2005061901/src/Dialog_Partition_Info.cc	2005-01-19 21:01:39.000000000 +0100
|+++ gparted-0.0.8+cvs2005061901.new/src/Dialog_Partition_Info.cc	2005-08-05 20:17:32.000000000 +0200
--------------------------
File to patch: 
Skip this patch? [y] 
Skipping patch.
2 out of 2 hunks ignored
can't find file to patch at input line 282
Perhaps you used the wrong -p or --strip option?
The text leading up to this was:
--------------------------
|diff -Nur gparted-0.0.8+cvs2005061901/src/Dialog_Progress.cc gparted-0.0.8+cvs2005061901.new/src/Dialog_Progress.cc
|--- gparted-0.0.8+cvs2005061901/src/Dialog_Progress.cc	2005-01-19 21:01:39.000000000 +0100
|+++ gparted-0.0.8+cvs2005061901.new/src/Dialog_Progress.cc	2005-08-05 20:17:32.000000000 +0200
--------------------------
File to patch: 
Skip this patch? [y] 
Skipping patch.
3 out of 3 hunks ignored
can't find file to patch at input line 351
Perhaps you used the wrong -p or --strip option?
The text leading up to this was:
--------------------------
|diff -Nur gparted-0.0.8+cvs2005061901/src/FileSystem.cc gparted-0.0.8+cvs2005061901.new/src/FileSystem.cc
|--- gparted-0.0.8+cvs2005061901/src/FileSystem.cc	2004-11-30 22:05:48.000000000 +0100
|+++ gparted-0.0.8+cvs2005061901.new/src/FileSystem.cc	2005-08-05 20:17:32.000000000 +0200
--------------------------
File to patch: 
Skip this patch? [y] 
Skipping patch.
2 out of 2 hunks ignored
can't find file to patch at input line 373
Perhaps you used the wrong -p or --strip option?
The text leading up to this was:
--------------------------
|diff -Nur gparted-0.0.8+cvs2005061901/src/GParted_Core.cc gparted-0.0.8+cvs2005061901.new/src/GParted_Core.cc
|--- gparted-0.0.8+cvs2005061901/src/GParted_Core.cc	2005-02-01 18:04:03.000000000 +0100
|+++ gparted-0.0.8+cvs2005061901.new/src/GParted_Core.cc	2005-08-05 20:17:32.000000000 +0200
--------------------------
File to patch: 
Skip this patch? [y] 
Skipping patch.
6 out of 6 hunks ignored
can't find file to patch at input line 584
Perhaps you used the wrong -p or --strip option?
The text leading up to this was:
--------------------------
|diff -Nur gparted-0.0.8+cvs2005061901/src/Operation.cc gparted-0.0.8+cvs2005061901.new/src/Operation.cc
|--- gparted-0.0.8+cvs2005061901/src/Operation.cc	2005-01-19 21:01:39.000000000 +0100
|+++ gparted-0.0.8+cvs2005061901.new/src/Operation.cc	2005-08-05 20:17:32.000000000 +0200
--------------------------
File to patch: 
Skip this patch? [y] 
Skipping patch.
1 out of 1 hunk ignored
can't find file to patch at input line 596
Perhaps you used the wrong -p or --strip option?
The text leading up to this was:
--------------------------
|diff -Nur gparted-0.0.8+cvs2005061901/src/Partition.cc gparted-0.0.8+cvs2005061901.new/src/Partition.cc
|--- gparted-0.0.8+cvs2005061901/src/Partition.cc	2004-11-24 16:05:36.000000000 +0100
|+++ gparted-0.0.8+cvs2005061901.new/src/Partition.cc	2005-08-05 20:17:32.000000000 +0200
--------------------------
File to patch: 
Skip this patch? [y] 
Skipping patch.
2 out of 2 hunks ignored
can't find file to patch at input line 648
Perhaps you used the wrong -p or --strip option?
The text leading up to this was:
--------------------------
|diff -Nur gparted-0.0.8+cvs2005061901/src/TreeView_Detail.cc gparted-0.0.8+cvs2005061901.new/src/TreeView_Detail.cc
|--- gparted-0.0.8+cvs2005061901/src/TreeView_Detail.cc	2005-02-01 18:04:03.000000000 +0100
|+++ gparted-0.0.8+cvs2005061901.new/src/TreeView_Detail.cc	2005-08-05 20:17:32.000000000 +0200
--------------------------
File to patch: 
Skip this patch? [y] 
Skipping patch.
5 out of 5 hunks ignored
can't find file to patch at input line 807
Perhaps you used the wrong -p or --strip option?
The text leading up to this was:
--------------------------
|diff -Nur gparted-0.0.8+cvs2005061901/src/VBox_VisualDisk.cc gparted-0.0.8+cvs2005061901.new/src/VBox_VisualDisk.cc
|--- gparted-0.0.8+cvs2005061901/src/VBox_VisualDisk.cc	2005-01-19 21:01:39.000000000 +0100
|+++ gparted-0.0.8+cvs2005061901.new/src/VBox_VisualDisk.cc	2005-08-05 20:17:32.000000000 +0200
--------------------------
File to patch: 
Skip this patch? [y] 
Skipping patch.
1 out of 1 hunk ignored
can't find file to patch at input line 830
Perhaps you used the wrong -p or --strip option?
The text leading up to this was:
--------------------------
|--- gparted-0.0.8+cvs2005061901/src/Win_GParted.cc	2005-02-06 23:11:32.000000000 +0100
|+++ gparted-0.0.8+cvs2005061901.new/src/Win_GParted.cc	2005-08-17 11:49:26.426652448 +0200
--------------------------
File to patch: 
Skip this patch? [y] 
Skipping patch.
25 out of 25 hunks ignored
can't find file to patch at input line 1289
Perhaps you used the wrong -p or --strip option?
The text leading up to this was:
--------------------------
|--- gparted-0.0.8+cvs2005061901/include/Win_GParted.h	2005-02-01 18:04:03.000000000 +0100
|+++ gparted-0.0.8+cvs2005061901.new/include/Win_GParted.h	2005-08-17 11:27:24.000000000 +0200
--------------------------
File to patch: 
Skip this patch? [y] 
Skipping patch.
5 out of 5 hunks ignored
can't find file to patch at input line 1350
Perhaps you used the wrong -p or --strip option?
The text leading up to this was:
--------------------------
|--- gparted-0.0.8+cvs2005061901/src/main.cc	2005-02-01 18:04:03.000000000 +0100
|+++ gparted-0.0.8+cvs2005061901.new/src/main.cc	2005-08-17 12:09:34.668971696 +0200
--------------------------
File to patch: 
Skip this patch? [y] 
Skipping patch.
2 out of 2 hunks ignored
